[0.183s] DEBUG:colcon:Command line arguments: ['/usr/bin/colcon', 'build']
[0.183s] DEBUG:colcon:Parsed command line arguments: Namespace(log_base=None, log_level=None, verb_name='build', build_base='build', install_base='install', merge_install=False, symlink_install=False, test_result_base=None, continue_on_error=False, executor='parallel', parallel_workers=4, event_handlers=None, ignore_user_meta=False, metas=['./colcon.meta'], base_paths=['.'], packages_ignore=None, packages_ignore_regex=None, paths=None, packages_up_to=None, packages_up_to_regex=None, packages_above=None, packages_above_and_dependencies=None, packages_above_depth=None, packages_select_by_dep=None, packages_skip_by_dep=None, packages_skip_up_to=None, packages_select_build_failed=False, packages_skip_build_finished=False, packages_select_test_failures=False, packages_skip_test_passed=False, packages_select=None, packages_skip=None, packages_select_regex=None, packages_skip_regex=None, packages_start=None, packages_end=None, allow_overriding=[], cmake_args=None, cmake_target=None, cmake_target_skip_unavailable=False, cmake_clean_cache=False, cmake_clean_first=False, cmake_force_configure=False, ament_cmake_args=None, catkin_cmake_args=None, catkin_skip_building_tests=False, mixin_files=None, mixin=None, verb_parser=<colcon_mixin.mixin.mixin_argument.MixinArgumentDecorator object at 0xffff8d6dbe00>, verb_extension=<colcon_core.verb.build.BuildVerb object at 0xffff8da32c60>, main=<bound method BuildVerb.main of <colcon_core.verb.build.BuildVerb object at 0xffff8da32c60>>, mixin_verb=('build',))
[0.261s] Level 1:colcon.colcon_core.package_discovery:discover_packages(colcon_meta) check parameters
[0.261s] Level 1:colcon.colcon_core.package_discovery:discover_packages(recursive) check parameters
[0.261s] Level 1:colcon.colcon_core.package_discovery:discover_packages(ignore) check parameters
[0.261s] Level 1:colcon.colcon_core.package_discovery:discover_packages(path) check parameters
[0.261s] Level 1:colcon.colcon_core.package_discovery:discover_packages(colcon_meta) discover
[0.262s] Level 1:colcon.colcon_core.package_discovery:discover_packages(recursive) discover
[0.262s] INFO:colcon.colcon_core.package_discovery:Crawling recursively for packages in '/home/antonino/lidar_area_monitor/ros2_lam_interfaces'
[0.262s] Level 1:colcon.colcon_core.package_identification:_identify(.) by extensions ['ignore', 'ignore_ament_install']
[0.262s] Level 1:colcon.colcon_core.package_identification:_identify(.) by extension 'ignore'
[0.262s] Level 1:colcon.colcon_core.package_identification:_identify(.) by extension 'ignore_ament_install'
[0.262s] Level 1:colcon.colcon_core.package_identification:_identify(.) by extensions ['colcon_pkg']
[0.262s] Level 1:colcon.colcon_core.package_identification:_identify(.) by extension 'colcon_pkg'
[0.262s] Level 1:colcon.colcon_core.package_identification:_identify(.) by extensions ['colcon_meta']
[0.262s] Level 1:colcon.colcon_core.package_identification:_identify(.) by extension 'colcon_meta'
[0.262s] Level 1:colcon.colcon_core.package_identification:_identify(.) by extensions ['ros']
[0.262s] Level 1:colcon.colcon_core.package_identification:_identify(.) by extension 'ros'
[0.320s] DEBUG:colcon.colcon_core.package_identification:Package '.' with type 'ros.ament_cmake' and name 'ros2_lam_interfaces'
[0.320s] Level 1:colcon.colcon_core.package_discovery:discover_packages(recursive) using defaults
[0.320s] Level 1:colcon.colcon_core.package_discovery:discover_packages(ignore) discover
[0.320s] Level 1:colcon.colcon_core.package_discovery:discover_packages(ignore) using defaults
[0.320s] Level 1:colcon.colcon_core.package_discovery:discover_packages(path) discover
[0.320s] Level 1:colcon.colcon_core.package_discovery:discover_packages(path) using defaults
[0.348s] Level 1:colcon.colcon_core.package_discovery:discover_packages(prefix_path) check parameters
[0.348s] Level 1:colcon.colcon_core.package_discovery:discover_packages(prefix_path) discover
[0.350s] DEBUG:colcon.colcon_installed_package_information.package_discovery:Found 1 installed packages in /home/antonino/lidar_area_monitor/ros2_lam_interfaces/install
[0.352s] DEBUG:colcon.colcon_installed_package_information.package_discovery:Found 285 installed packages in /opt/ros/jazzy
[0.354s] Level 1:colcon.colcon_core.package_discovery:discover_packages(prefix_path) using defaults
[0.427s] Level 5:colcon.colcon_core.verb:set package 'ros2_lam_interfaces' build argument 'cmake_args' from command line to 'None'
[0.427s] Level 5:colcon.colcon_core.verb:set package 'ros2_lam_interfaces' build argument 'cmake_target' from command line to 'None'
[0.427s] Level 5:colcon.colcon_core.verb:set package 'ros2_lam_interfaces' build argument 'cmake_target_skip_unavailable' from command line to 'False'
[0.428s] Level 5:colcon.colcon_core.verb:set package 'ros2_lam_interfaces' build argument 'cmake_clean_cache' from command line to 'False'
[0.428s] Level 5:colcon.colcon_core.verb:set package 'ros2_lam_interfaces' build argument 'cmake_clean_first' from command line to 'False'
[0.428s] Level 5:colcon.colcon_core.verb:set package 'ros2_lam_interfaces' build argument 'cmake_force_configure' from command line to 'False'
[0.428s] Level 5:colcon.colcon_core.verb:set package 'ros2_lam_interfaces' build argument 'ament_cmake_args' from command line to 'None'
[0.428s] Level 5:colcon.colcon_core.verb:set package 'ros2_lam_interfaces' build argument 'catkin_cmake_args' from command line to 'None'
[0.428s] Level 5:colcon.colcon_core.verb:set package 'ros2_lam_interfaces' build argument 'catkin_skip_building_tests' from command line to 'False'
[0.428s] DEBUG:colcon.colcon_core.verb:Building package 'ros2_lam_interfaces' with the following arguments: {'ament_cmake_args': None, 'build_base': '/home/antonino/lidar_area_monitor/ros2_lam_interfaces/build/ros2_lam_interfaces', 'catkin_cmake_args': None, 'catkin_skip_building_tests': False, 'cmake_args': None, 'cmake_clean_cache': False, 'cmake_clean_first': False, 'cmake_force_configure': False, 'cmake_target': None, 'cmake_target_skip_unavailable': False, 'install_base': '/home/antonino/lidar_area_monitor/ros2_lam_interfaces/install/ros2_lam_interfaces', 'merge_install': False, 'path': '/home/antonino/lidar_area_monitor/ros2_lam_interfaces', 'symlink_install': False, 'test_result_base': None}
[0.428s] INFO:colcon.colcon_core.executor:Executing jobs using 'parallel' executor
[0.429s] DEBUG:colcon.colcon_parallel_executor.executor.parallel:run_until_complete
[0.430s] INFO:colcon.colcon_ros.task.ament_cmake.build:Building ROS package in '/home/antonino/lidar_area_monitor/ros2_lam_interfaces' with build type 'ament_cmake'
[0.430s] INFO:colcon.colcon_cmake.task.cmake.build:Building CMake package in '/home/antonino/lidar_area_monitor/ros2_lam_interfaces'
[0.437s] INFO:colcon.colcon_core.plugin_system:Skipping extension 'colcon_core.shell.bat': Not used on non-Windows systems
[0.438s] INFO:colcon.colcon_core.shell:Skip shell extension 'powershell' for command environment: Not usable outside of PowerShell
[0.438s] DEBUG:colcon.colcon_core.shell:Skip shell extension 'dsv' for command environment
[0.458s] DEBUG:colcon.colcon_core.event_handler.log_command:Invoking command in '/home/antonino/lidar_area_monitor/ros2_lam_interfaces/build/ros2_lam_interfaces': CMAKE_PREFIX_PATH=${CMAKE_PREFIX_PATH}:/opt/ros/jazzy DEBUGINFOD_URLS=https://debuginfod.ubuntu.com /usr/bin/cmake /home/antonino/lidar_area_monitor/ros2_lam_interfaces -DCMAKE_INSTALL_PREFIX=/home/antonino/lidar_area_monitor/ros2_lam_interfaces/install/ros2_lam_interfaces
[7.388s] DEBUG:colcon.colcon_core.event_handler.log_command:Invoked command in '/home/antonino/lidar_area_monitor/ros2_lam_interfaces/build/ros2_lam_interfaces' returned '0': CMAKE_PREFIX_PATH=${CMAKE_PREFIX_PATH}:/opt/ros/jazzy DEBUGINFOD_URLS=https://debuginfod.ubuntu.com /usr/bin/cmake /home/antonino/lidar_area_monitor/ros2_lam_interfaces -DCMAKE_INSTALL_PREFIX=/home/antonino/lidar_area_monitor/ros2_lam_interfaces/install/ros2_lam_interfaces
[7.391s] DEBUG:colcon.colcon_core.event_handler.log_command:Invoking command in '/home/antonino/lidar_area_monitor/ros2_lam_interfaces/build/ros2_lam_interfaces': CMAKE_PREFIX_PATH=${CMAKE_PREFIX_PATH}:/opt/ros/jazzy DEBUGINFOD_URLS=https://debuginfod.ubuntu.com /usr/bin/cmake --build /home/antonino/lidar_area_monitor/ros2_lam_interfaces/build/ros2_lam_interfaces -- -j4 -l4
[22.614s] DEBUG:colcon.colcon_core.event_handler.log_command:Invoked command in '/home/antonino/lidar_area_monitor/ros2_lam_interfaces/build/ros2_lam_interfaces' returned '2': CMAKE_PREFIX_PATH=${CMAKE_PREFIX_PATH}:/opt/ros/jazzy DEBUGINFOD_URLS=https://debuginfod.ubuntu.com /usr/bin/cmake --build /home/antonino/lidar_area_monitor/ros2_lam_interfaces/build/ros2_lam_interfaces -- -j4 -l4
[22.614s] Level 1:colcon.colcon_core.environment:create_environment_scripts_only(ros2_lam_interfaces)
[22.618s] Level 1:colcon.colcon_core.environment:checking '/home/antonino/lidar_area_monitor/ros2_lam_interfaces/install/ros2_lam_interfaces' for CMake module files
[22.618s] Level 1:colcon.colcon_core.environment:checking '/home/antonino/lidar_area_monitor/ros2_lam_interfaces/install/ros2_lam_interfaces' for CMake config files
[22.619s] Level 1:colcon.colcon_core.environment:checking '/home/antonino/lidar_area_monitor/ros2_lam_interfaces/install/ros2_lam_interfaces/bin'
[22.619s] Level 1:colcon.colcon_core.environment:checking '/home/antonino/lidar_area_monitor/ros2_lam_interfaces/install/ros2_lam_interfaces/lib/pkgconfig/ros2_lam_interfaces.pc'
[22.620s] Level 1:colcon.colcon_core.environment:checking '/home/antonino/lidar_area_monitor/ros2_lam_interfaces/install/ros2_lam_interfaces/lib/python3.12/site-packages'
[22.623s] Level 1:colcon.colcon_core.environment:checking '/home/antonino/lidar_area_monitor/ros2_lam_interfaces/install/ros2_lam_interfaces/bin'
[22.624s] INFO:colcon.colcon_core.shell:Creating package script '/home/antonino/lidar_area_monitor/ros2_lam_interfaces/install/ros2_lam_interfaces/share/ros2_lam_interfaces/package.ps1'
[22.627s] INFO:colcon.colcon_core.shell:Creating package descriptor '/home/antonino/lidar_area_monitor/ros2_lam_interfaces/install/ros2_lam_interfaces/share/ros2_lam_interfaces/package.dsv'
[22.633s] INFO:colcon.colcon_core.shell:Creating package script '/home/antonino/lidar_area_monitor/ros2_lam_interfaces/install/ros2_lam_interfaces/share/ros2_lam_interfaces/package.sh'
[22.635s] INFO:colcon.colcon_core.shell:Creating package script '/home/antonino/lidar_area_monitor/ros2_lam_interfaces/install/ros2_lam_interfaces/share/ros2_lam_interfaces/package.bash'
[22.636s] INFO:colcon.colcon_core.shell:Creating package script '/home/antonino/lidar_area_monitor/ros2_lam_interfaces/install/ros2_lam_interfaces/share/ros2_lam_interfaces/package.zsh'
[22.637s] Level 1:colcon.colcon_core.environment:create_file_with_runtime_dependencies(/home/antonino/lidar_area_monitor/ros2_lam_interfaces/install/ros2_lam_interfaces/share/colcon-core/packages/ros2_lam_interfaces)
[22.648s] DEBUG:colcon.colcon_parallel_executor.executor.parallel:closing loop
[22.649s] DEBUG:colcon.colcon_parallel_executor.executor.parallel:loop closed
[22.649s] DEBUG:colcon.colcon_parallel_executor.executor.parallel:run_until_complete finished with '2'
[22.649s] DEBUG:colcon.colcon_core.event_reactor:joining thread
[22.674s] INFO:colcon.colcon_core.plugin_system:Skipping extension 'colcon_notification.desktop_notification.terminal_notifier': Not used on non-Darwin systems
[22.674s] INFO:colcon.colcon_core.plugin_system:Skipping extension 'colcon_notification.desktop_notification.win32': Not used on non-Windows systems
[22.674s] INFO:colcon.colcon_notification.desktop_notification:Sending desktop notification using 'notify2'
[22.737s] DEBUG:colcon.colcon_core.event_reactor:joined thread
[22.739s] INFO:colcon.colcon_core.shell:Creating prefix script '/home/antonino/lidar_area_monitor/ros2_lam_interfaces/install/local_setup.ps1'
[22.742s] INFO:colcon.colcon_core.shell:Creating prefix util module '/home/antonino/lidar_area_monitor/ros2_lam_interfaces/install/_local_setup_util_ps1.py'
[22.749s] INFO:colcon.colcon_core.shell:Creating prefix chain script '/home/antonino/lidar_area_monitor/ros2_lam_interfaces/install/setup.ps1'
[22.753s] INFO:colcon.colcon_core.shell:Creating prefix script '/home/antonino/lidar_area_monitor/ros2_lam_interfaces/install/local_setup.sh'
[22.756s] INFO:colcon.colcon_core.shell:Creating prefix util module '/home/antonino/lidar_area_monitor/ros2_lam_interfaces/install/_local_setup_util_sh.py'
[22.759s] INFO:colcon.colcon_core.shell:Creating prefix chain script '/home/antonino/lidar_area_monitor/ros2_lam_interfaces/install/setup.sh'
[22.763s] INFO:colcon.colcon_core.shell:Creating prefix script '/home/antonino/lidar_area_monitor/ros2_lam_interfaces/install/local_setup.bash'
[22.764s] INFO:colcon.colcon_core.shell:Creating prefix chain script '/home/antonino/lidar_area_monitor/ros2_lam_interfaces/install/setup.bash'
[22.768s] INFO:colcon.colcon_core.shell:Creating prefix script '/home/antonino/lidar_area_monitor/ros2_lam_interfaces/install/local_setup.zsh'
[22.771s] INFO:colcon.colcon_core.shell:Creating prefix chain script '/home/antonino/lidar_area_monitor/ros2_lam_interfaces/install/setup.zsh'
