[0.208s] DEBUG:colcon:Command line arguments: ['/usr/bin/colcon', 'build']
[0.208s] DEBUG:colcon:Parsed command line arguments: Namespace(log_base=None, log_level=None, verb_name='build', build_base='build', install_base='install', merge_install=False, symlink_install=False, test_result_base=None, continue_on_error=False, executor='parallel', parallel_workers=4, event_handlers=None, ignore_user_meta=False, metas=['./colcon.meta'], base_paths=['.'], packages_ignore=None, packages_ignore_regex=None, paths=None, packages_up_to=None, packages_up_to_regex=None, packages_above=None, packages_above_and_dependencies=None, packages_above_depth=None, packages_select_by_dep=None, packages_skip_by_dep=None, packages_skip_up_to=None, packages_select_build_failed=False, packages_skip_build_finished=False, packages_select_test_failures=False, packages_skip_test_passed=False, packages_select=None, packages_skip=None, packages_select_regex=None, packages_skip_regex=None, packages_start=None, packages_end=None, allow_overriding=[], cmake_args=None, cmake_target=None, cmake_target_skip_unavailable=False, cmake_clean_cache=False, cmake_clean_first=False, cmake_force_configure=False, ament_cmake_args=None, catkin_cmake_args=None, catkin_skip_building_tests=False, mixin_files=None, mixin=None, verb_parser=<colcon_mixin.mixin.mixin_argument.MixinArgumentDecorator object at 0xffff945bbf20>, verb_extension=<colcon_core.verb.build.BuildVerb object at 0xffff947a08c0>, main=<bound method BuildVerb.main of <colcon_core.verb.build.BuildVerb object at 0xffff947a08c0>>, mixin_verb=('build',))
[0.293s] Level 1:colcon.colcon_core.package_discovery:discover_packages(colcon_meta) check parameters
[0.293s] Level 1:colcon.colcon_core.package_discovery:discover_packages(recursive) check parameters
[0.293s] Level 1:colcon.colcon_core.package_discovery:discover_packages(ignore) check parameters
[0.293s] Level 1:colcon.colcon_core.package_discovery:discover_packages(path) check parameters
[0.293s] Level 1:colcon.colcon_core.package_discovery:discover_packages(colcon_meta) discover
[0.293s] Level 1:colcon.colcon_core.package_discovery:discover_packages(recursive) discover
[0.293s] INFO:colcon.colcon_core.package_discovery:Crawling recursively for packages in '/home/antonino/lidar_area_monitor/ros2_lam_interfaces'
[0.293s] Level 1:colcon.colcon_core.package_identification:_identify(.) by extensions ['ignore', 'ignore_ament_install']
[0.294s] Level 1:colcon.colcon_core.package_identification:_identify(.) by extension 'ignore'
[0.294s] Level 1:colcon.colcon_core.package_identification:_identify(.) by extension 'ignore_ament_install'
[0.294s] Level 1:colcon.colcon_core.package_identification:_identify(.) by extensions ['colcon_pkg']
[0.294s] Level 1:colcon.colcon_core.package_identification:_identify(.) by extension 'colcon_pkg'
[0.294s] Level 1:colcon.colcon_core.package_identification:_identify(.) by extensions ['colcon_meta']
[0.294s] Level 1:colcon.colcon_core.package_identification:_identify(.) by extension 'colcon_meta'
[0.294s] Level 1:colcon.colcon_core.package_identification:_identify(.) by extensions ['ros']
[0.294s] Level 1:colcon.colcon_core.package_identification:_identify(.) by extension 'ros'
[0.358s] DEBUG:colcon.colcon_core.package_identification:Package '.' with type 'ros.ament_cmake' and name 'ros2_lam_interfaces'
[0.358s] Level 1:colcon.colcon_core.package_discovery:discover_packages(recursive) using defaults
[0.359s] Level 1:colcon.colcon_core.package_discovery:discover_packages(ignore) discover
[0.359s] Level 1:colcon.colcon_core.package_discovery:discover_packages(ignore) using defaults
[0.359s] Level 1:colcon.colcon_core.package_discovery:discover_packages(path) discover
[0.359s] Level 1:colcon.colcon_core.package_discovery:discover_packages(path) using defaults
[0.390s] Level 1:colcon.colcon_core.package_discovery:discover_packages(prefix_path) check parameters
[0.391s] Level 1:colcon.colcon_core.package_discovery:discover_packages(prefix_path) discover
[0.393s] DEBUG:colcon.colcon_installed_package_information.package_discovery:Found 1 installed packages in /home/antonino/lidar_area_monitor/ros2_lam_interfaces/install
[0.396s] DEBUG:colcon.colcon_installed_package_information.package_discovery:Found 285 installed packages in /opt/ros/jazzy
[0.398s] Level 1:colcon.colcon_core.package_discovery:discover_packages(prefix_path) using defaults
[0.475s] Level 5:colcon.colcon_core.verb:set package 'ros2_lam_interfaces' build argument 'cmake_args' from command line to 'None'
[0.475s] Level 5:colcon.colcon_core.verb:set package 'ros2_lam_interfaces' build argument 'cmake_target' from command line to 'None'
[0.475s] Level 5:colcon.colcon_core.verb:set package 'ros2_lam_interfaces' build argument 'cmake_target_skip_unavailable' from command line to 'False'
[0.475s] Level 5:colcon.colcon_core.verb:set package 'ros2_lam_interfaces' build argument 'cmake_clean_cache' from command line to 'False'
[0.475s] Level 5:colcon.colcon_core.verb:set package 'ros2_lam_interfaces' build argument 'cmake_clean_first' from command line to 'False'
[0.475s] Level 5:colcon.colcon_core.verb:set package 'ros2_lam_interfaces' build argument 'cmake_force_configure' from command line to 'False'
[0.475s] Level 5:colcon.colcon_core.verb:set package 'ros2_lam_interfaces' build argument 'ament_cmake_args' from command line to 'None'
[0.475s] Level 5:colcon.colcon_core.verb:set package 'ros2_lam_interfaces' build argument 'catkin_cmake_args' from command line to 'None'
[0.475s] Level 5:colcon.colcon_core.verb:set package 'ros2_lam_interfaces' build argument 'catkin_skip_building_tests' from command line to 'False'
[0.476s] DEBUG:colcon.colcon_core.verb:Building package 'ros2_lam_interfaces' with the following arguments: {'ament_cmake_args': None, 'build_base': '/home/antonino/lidar_area_monitor/ros2_lam_interfaces/build/ros2_lam_interfaces', 'catkin_cmake_args': None, 'catkin_skip_building_tests': False, 'cmake_args': None, 'cmake_clean_cache': False, 'cmake_clean_first': False, 'cmake_force_configure': False, 'cmake_target': None, 'cmake_target_skip_unavailable': False, 'install_base': '/home/antonino/lidar_area_monitor/ros2_lam_interfaces/install/ros2_lam_interfaces', 'merge_install': False, 'path': '/home/antonino/lidar_area_monitor/ros2_lam_interfaces', 'symlink_install': False, 'test_result_base': None}
[0.476s] INFO:colcon.colcon_core.executor:Executing jobs using 'parallel' executor
[0.480s] DEBUG:colcon.colcon_parallel_executor.executor.parallel:run_until_complete
[0.481s] INFO:colcon.colcon_ros.task.ament_cmake.build:Building ROS package in '/home/antonino/lidar_area_monitor/ros2_lam_interfaces' with build type 'ament_cmake'
[0.482s] INFO:colcon.colcon_cmake.task.cmake.build:Building CMake package in '/home/antonino/lidar_area_monitor/ros2_lam_interfaces'
[0.488s] INFO:colcon.colcon_core.plugin_system:Skipping extension 'colcon_core.shell.bat': Not used on non-Windows systems
[0.488s] INFO:colcon.colcon_core.shell:Skip shell extension 'powershell' for command environment: Not usable outside of PowerShell
[0.489s] DEBUG:colcon.colcon_core.shell:Skip shell extension 'dsv' for command environment
[0.520s] DEBUG:colcon.colcon_core.event_handler.log_command:Invoking command in '/home/antonino/lidar_area_monitor/ros2_lam_interfaces/build/ros2_lam_interfaces': CMAKE_PREFIX_PATH=${CMAKE_PREFIX_PATH}:/opt/ros/jazzy DEBUGINFOD_URLS=https://debuginfod.ubuntu.com /usr/bin/cmake --build /home/antonino/lidar_area_monitor/ros2_lam_interfaces/build/ros2_lam_interfaces -- -j4 -l4
[13.480s] DEBUG:colcon.colcon_core.event_handler.log_command:Invoked command in '/home/antonino/lidar_area_monitor/ros2_lam_interfaces/build/ros2_lam_interfaces' returned '0': CMAKE_PREFIX_PATH=${CMAKE_PREFIX_PATH}:/opt/ros/jazzy DEBUGINFOD_URLS=https://debuginfod.ubuntu.com /usr/bin/cmake --build /home/antonino/lidar_area_monitor/ros2_lam_interfaces/build/ros2_lam_interfaces -- -j4 -l4
[13.506s] DEBUG:colcon.colcon_core.event_handler.log_command:Invoking command in '/home/antonino/lidar_area_monitor/ros2_lam_interfaces/build/ros2_lam_interfaces': CMAKE_PREFIX_PATH=${CMAKE_PREFIX_PATH}:/opt/ros/jazzy DEBUGINFOD_URLS=https://debuginfod.ubuntu.com /usr/bin/cmake --install /home/antonino/lidar_area_monitor/ros2_lam_interfaces/build/ros2_lam_interfaces
[13.713s] Level 1:colcon.colcon_core.environment:create_environment_scripts_only(ros2_lam_interfaces)
[13.714s] DEBUG:colcon.colcon_core.event_handler.log_command:Invoked command in '/home/antonino/lidar_area_monitor/ros2_lam_interfaces/build/ros2_lam_interfaces' returned '0': CMAKE_PREFIX_PATH=${CMAKE_PREFIX_PATH}:/opt/ros/jazzy DEBUGINFOD_URLS=https://debuginfod.ubuntu.com /usr/bin/cmake --install /home/antonino/lidar_area_monitor/ros2_lam_interfaces/build/ros2_lam_interfaces
[13.717s] Level 1:colcon.colcon_core.environment:checking '/home/antonino/lidar_area_monitor/ros2_lam_interfaces/install/ros2_lam_interfaces' for CMake module files
[13.718s] Level 1:colcon.colcon_core.environment:checking '/home/antonino/lidar_area_monitor/ros2_lam_interfaces/install/ros2_lam_interfaces' for CMake config files
[13.719s] Level 1:colcon.colcon_core.shell:create_environment_hook('ros2_lam_interfaces', 'cmake_prefix_path')
[13.721s] INFO:colcon.colcon_core.shell:Creating environment hook '/home/antonino/lidar_area_monitor/ros2_lam_interfaces/install/ros2_lam_interfaces/share/ros2_lam_interfaces/hook/cmake_prefix_path.ps1'
[13.733s] INFO:colcon.colcon_core.shell:Creating environment descriptor '/home/antonino/lidar_area_monitor/ros2_lam_interfaces/install/ros2_lam_interfaces/share/ros2_lam_interfaces/hook/cmake_prefix_path.dsv'
[13.734s] INFO:colcon.colcon_core.shell:Creating environment hook '/home/antonino/lidar_area_monitor/ros2_lam_interfaces/install/ros2_lam_interfaces/share/ros2_lam_interfaces/hook/cmake_prefix_path.sh'
[13.736s] Level 1:colcon.colcon_core.environment:checking '/home/antonino/lidar_area_monitor/ros2_lam_interfaces/install/ros2_lam_interfaces/lib'
[13.737s] Level 1:colcon.colcon_core.shell:create_environment_hook('ros2_lam_interfaces', 'ld_library_path_lib')
[13.737s] INFO:colcon.colcon_core.shell:Creating environment hook '/home/antonino/lidar_area_monitor/ros2_lam_interfaces/install/ros2_lam_interfaces/share/ros2_lam_interfaces/hook/ld_library_path_lib.ps1'
[13.738s] INFO:colcon.colcon_core.shell:Creating environment descriptor '/home/antonino/lidar_area_monitor/ros2_lam_interfaces/install/ros2_lam_interfaces/share/ros2_lam_interfaces/hook/ld_library_path_lib.dsv'
[13.738s] INFO:colcon.colcon_core.shell:Creating environment hook '/home/antonino/lidar_area_monitor/ros2_lam_interfaces/install/ros2_lam_interfaces/share/ros2_lam_interfaces/hook/ld_library_path_lib.sh'
[13.739s] Level 1:colcon.colcon_core.environment:checking '/home/antonino/lidar_area_monitor/ros2_lam_interfaces/install/ros2_lam_interfaces/bin'
[13.739s] Level 1:colcon.colcon_core.environment:checking '/home/antonino/lidar_area_monitor/ros2_lam_interfaces/install/ros2_lam_interfaces/lib/pkgconfig/ros2_lam_interfaces.pc'
[13.739s] Level 1:colcon.colcon_core.environment:checking '/home/antonino/lidar_area_monitor/ros2_lam_interfaces/install/ros2_lam_interfaces/lib/python3.12/site-packages'
[13.739s] Level 1:colcon.colcon_core.shell:create_environment_hook('ros2_lam_interfaces', 'pythonpath')
[13.740s] INFO:colcon.colcon_core.shell:Creating environment hook '/home/antonino/lidar_area_monitor/ros2_lam_interfaces/install/ros2_lam_interfaces/share/ros2_lam_interfaces/hook/pythonpath.ps1'
[13.740s] INFO:colcon.colcon_core.shell:Creating environment descriptor '/home/antonino/lidar_area_monitor/ros2_lam_interfaces/install/ros2_lam_interfaces/share/ros2_lam_interfaces/hook/pythonpath.dsv'
[13.740s] INFO:colcon.colcon_core.shell:Creating environment hook '/home/antonino/lidar_area_monitor/ros2_lam_interfaces/install/ros2_lam_interfaces/share/ros2_lam_interfaces/hook/pythonpath.sh'
[13.741s] Level 1:colcon.colcon_core.environment:checking '/home/antonino/lidar_area_monitor/ros2_lam_interfaces/install/ros2_lam_interfaces/bin'
[13.742s] INFO:colcon.colcon_core.shell:Creating package script '/home/antonino/lidar_area_monitor/ros2_lam_interfaces/install/ros2_lam_interfaces/share/ros2_lam_interfaces/package.ps1'
[13.743s] INFO:colcon.colcon_core.shell:Creating package descriptor '/home/antonino/lidar_area_monitor/ros2_lam_interfaces/install/ros2_lam_interfaces/share/ros2_lam_interfaces/package.dsv'
[13.749s] INFO:colcon.colcon_core.shell:Creating package script '/home/antonino/lidar_area_monitor/ros2_lam_interfaces/install/ros2_lam_interfaces/share/ros2_lam_interfaces/package.sh'
[13.752s] INFO:colcon.colcon_core.shell:Creating package script '/home/antonino/lidar_area_monitor/ros2_lam_interfaces/install/ros2_lam_interfaces/share/ros2_lam_interfaces/package.bash'
[13.755s] INFO:colcon.colcon_core.shell:Creating package script '/home/antonino/lidar_area_monitor/ros2_lam_interfaces/install/ros2_lam_interfaces/share/ros2_lam_interfaces/package.zsh'
[13.760s] Level 1:colcon.colcon_core.environment:create_file_with_runtime_dependencies(/home/antonino/lidar_area_monitor/ros2_lam_interfaces/install/ros2_lam_interfaces/share/colcon-core/packages/ros2_lam_interfaces)
[13.762s] Level 1:colcon.colcon_core.environment:create_environment_scripts_only(ros2_lam_interfaces)
[13.763s] Level 1:colcon.colcon_core.environment:checking '/home/antonino/lidar_area_monitor/ros2_lam_interfaces/install/ros2_lam_interfaces' for CMake module files
[13.765s] Level 1:colcon.colcon_core.environment:checking '/home/antonino/lidar_area_monitor/ros2_lam_interfaces/install/ros2_lam_interfaces' for CMake config files
[13.766s] Level 1:colcon.colcon_core.shell:create_environment_hook('ros2_lam_interfaces', 'cmake_prefix_path')
[13.767s] INFO:colcon.colcon_core.shell:Creating environment hook '/home/antonino/lidar_area_monitor/ros2_lam_interfaces/install/ros2_lam_interfaces/share/ros2_lam_interfaces/hook/cmake_prefix_path.ps1'
[13.767s] INFO:colcon.colcon_core.shell:Creating environment descriptor '/home/antonino/lidar_area_monitor/ros2_lam_interfaces/install/ros2_lam_interfaces/share/ros2_lam_interfaces/hook/cmake_prefix_path.dsv'
[13.769s] INFO:colcon.colcon_core.shell:Creating environment hook '/home/antonino/lidar_area_monitor/ros2_lam_interfaces/install/ros2_lam_interfaces/share/ros2_lam_interfaces/hook/cmake_prefix_path.sh'
[13.770s] Level 1:colcon.colcon_core.environment:checking '/home/antonino/lidar_area_monitor/ros2_lam_interfaces/install/ros2_lam_interfaces/lib'
[13.771s] Level 1:colcon.colcon_core.shell:create_environment_hook('ros2_lam_interfaces', 'ld_library_path_lib')
[13.771s] INFO:colcon.colcon_core.shell:Creating environment hook '/home/antonino/lidar_area_monitor/ros2_lam_interfaces/install/ros2_lam_interfaces/share/ros2_lam_interfaces/hook/ld_library_path_lib.ps1'
[13.771s] INFO:colcon.colcon_core.shell:Creating environment descriptor '/home/antonino/lidar_area_monitor/ros2_lam_interfaces/install/ros2_lam_interfaces/share/ros2_lam_interfaces/hook/ld_library_path_lib.dsv'
[13.773s] INFO:colcon.colcon_core.shell:Creating environment hook '/home/antonino/lidar_area_monitor/ros2_lam_interfaces/install/ros2_lam_interfaces/share/ros2_lam_interfaces/hook/ld_library_path_lib.sh'
[13.774s] Level 1:colcon.colcon_core.environment:checking '/home/antonino/lidar_area_monitor/ros2_lam_interfaces/install/ros2_lam_interfaces/bin'
[13.774s] Level 1:colcon.colcon_core.environment:checking '/home/antonino/lidar_area_monitor/ros2_lam_interfaces/install/ros2_lam_interfaces/lib/pkgconfig/ros2_lam_interfaces.pc'
[13.774s] Level 1:colcon.colcon_core.environment:checking '/home/antonino/lidar_area_monitor/ros2_lam_interfaces/install/ros2_lam_interfaces/lib/python3.12/site-packages'
[13.774s] Level 1:colcon.colcon_core.shell:create_environment_hook('ros2_lam_interfaces', 'pythonpath')
[13.775s] INFO:colcon.colcon_core.shell:Creating environment hook '/home/antonino/lidar_area_monitor/ros2_lam_interfaces/install/ros2_lam_interfaces/share/ros2_lam_interfaces/hook/pythonpath.ps1'
[13.775s] INFO:colcon.colcon_core.shell:Creating environment descriptor '/home/antonino/lidar_area_monitor/ros2_lam_interfaces/install/ros2_lam_interfaces/share/ros2_lam_interfaces/hook/pythonpath.dsv'
[13.776s] INFO:colcon.colcon_core.shell:Creating environment hook '/home/antonino/lidar_area_monitor/ros2_lam_interfaces/install/ros2_lam_interfaces/share/ros2_lam_interfaces/hook/pythonpath.sh'
[13.778s] Level 1:colcon.colcon_core.environment:checking '/home/antonino/lidar_area_monitor/ros2_lam_interfaces/install/ros2_lam_interfaces/bin'
[13.778s] INFO:colcon.colcon_core.shell:Creating package script '/home/antonino/lidar_area_monitor/ros2_lam_interfaces/install/ros2_lam_interfaces/share/ros2_lam_interfaces/package.ps1'
[13.779s] INFO:colcon.colcon_core.shell:Creating package descriptor '/home/antonino/lidar_area_monitor/ros2_lam_interfaces/install/ros2_lam_interfaces/share/ros2_lam_interfaces/package.dsv'
[13.781s] INFO:colcon.colcon_core.shell:Creating package script '/home/antonino/lidar_area_monitor/ros2_lam_interfaces/install/ros2_lam_interfaces/share/ros2_lam_interfaces/package.sh'
[13.784s] INFO:colcon.colcon_core.shell:Creating package script '/home/antonino/lidar_area_monitor/ros2_lam_interfaces/install/ros2_lam_interfaces/share/ros2_lam_interfaces/package.bash'
[13.786s] INFO:colcon.colcon_core.shell:Creating package script '/home/antonino/lidar_area_monitor/ros2_lam_interfaces/install/ros2_lam_interfaces/share/ros2_lam_interfaces/package.zsh'
[13.787s] Level 1:colcon.colcon_core.environment:create_file_with_runtime_dependencies(/home/antonino/lidar_area_monitor/ros2_lam_interfaces/install/ros2_lam_interfaces/share/colcon-core/packages/ros2_lam_interfaces)
[13.789s] DEBUG:colcon.colcon_parallel_executor.executor.parallel:closing loop
[13.789s] DEBUG:colcon.colcon_parallel_executor.executor.parallel:loop closed
[13.790s] DEBUG:colcon.colcon_parallel_executor.executor.parallel:run_until_complete finished with '0'
[13.790s] DEBUG:colcon.colcon_core.event_reactor:joining thread
[13.806s] INFO:colcon.colcon_core.plugin_system:Skipping extension 'colcon_notification.desktop_notification.terminal_notifier': Not used on non-Darwin systems
[13.807s] INFO:colcon.colcon_core.plugin_system:Skipping extension 'colcon_notification.desktop_notification.win32': Not used on non-Windows systems
[13.807s] INFO:colcon.colcon_notification.desktop_notification:Sending desktop notification using 'notify2'
[13.868s] DEBUG:colcon.colcon_core.event_reactor:joined thread
[13.869s] INFO:colcon.colcon_core.shell:Creating prefix script '/home/antonino/lidar_area_monitor/ros2_lam_interfaces/install/local_setup.ps1'
[13.870s] INFO:colcon.colcon_core.shell:Creating prefix util module '/home/antonino/lidar_area_monitor/ros2_lam_interfaces/install/_local_setup_util_ps1.py'
[13.877s] INFO:colcon.colcon_core.shell:Creating prefix chain script '/home/antonino/lidar_area_monitor/ros2_lam_interfaces/install/setup.ps1'
[13.881s] INFO:colcon.colcon_core.shell:Creating prefix script '/home/antonino/lidar_area_monitor/ros2_lam_interfaces/install/local_setup.sh'
[13.883s] INFO:colcon.colcon_core.shell:Creating prefix util module '/home/antonino/lidar_area_monitor/ros2_lam_interfaces/install/_local_setup_util_sh.py'
[13.886s] INFO:colcon.colcon_core.shell:Creating prefix chain script '/home/antonino/lidar_area_monitor/ros2_lam_interfaces/install/setup.sh'
[13.889s] INFO:colcon.colcon_core.shell:Creating prefix script '/home/antonino/lidar_area_monitor/ros2_lam_interfaces/install/local_setup.bash'
[13.890s] INFO:colcon.colcon_core.shell:Creating prefix chain script '/home/antonino/lidar_area_monitor/ros2_lam_interfaces/install/setup.bash'
[13.892s] INFO:colcon.colcon_core.shell:Creating prefix script '/home/antonino/lidar_area_monitor/ros2_lam_interfaces/install/local_setup.zsh'
[13.893s] INFO:colcon.colcon_core.shell:Creating prefix chain script '/home/antonino/lidar_area_monitor/ros2_lam_interfaces/install/setup.zsh'
