-- Found ament_cmake: 2.5.4 (/opt/ros/jazzy/share/ament_cmake/cmake)
-- Found geometry_msgs: 5.3.6 (/opt/ros/jazzy/share/geometry_msgs/cmake)
-- Found rosidl_generator_c: 4.6.6 (/opt/ros/jazzy/share/rosidl_generator_c/cmake)
-- Found rosidl_generator_cpp: 4.6.6 (/opt/ros/jazzy/share/rosidl_generator_cpp/cmake)
-- Using all available rosidl_typesupport_c: rosidl_typesupport_fastrtps_c;rosidl_typesupport_introspection_c
-- Using all available rosidl_typesupport_cpp: rosidl_typesupport_fastrtps_cpp;rosidl_typesupport_introspection_cpp
-- Found rosidl_default_generators: 1.6.0 (/opt/ros/jazzy/share/rosidl_default_generators/cmake)
-- Found rosidl_adapter: 4.6.6 (/opt/ros/jazzy/share/rosidl_adapter/cmake)
-- Found ament_cmake_ros: 0.12.0 (/opt/ros/jazzy/share/ament_cmake_ros/cmake)
-- Using all available rosidl_typesupport_c: rosidl_typesupport_fastrtps_c;rosidl_typesupport_introspection_c
-- Using all available rosidl_typesupport_cpp: rosidl_typesupport_fastrtps_cpp;rosidl_typesupport_introspection_cpp
-- Found python_cmake_module: 0.11.1 (/opt/ros/jazzy/share/python_cmake_module/cmake)
-- Found PythonExtra: /usr/bin/python3  
-- Found Python3: /usr/bin/python3 (found version "3.12.3") found components: Interpreter Development NumPy Development.Module Development.Embed 
-- Found ament_lint_auto: 0.17.3 (/opt/ros/jazzy/share/ament_lint_auto/cmake)
-- Added test 'copyright' to check source files copyright and LICENSE
-- Added test 'cppcheck' to perform static code analysis on C / C++ code
-- Configured cppcheck include dirs: $<BUILD_INTERFACE:/home/antonino/lidar_area_monitor/ros2_lam_interfaces/build/ros2_lam_interfaces/rosidl_generator_c>;$<BUILD_INTERFACE:/home/antonino/lidar_area_monitor/ros2_lam_interfaces/build/ros2_lam_interfaces/rosidl_typesupport_fastrtps_c>;$<BUILD_INTERFACE:/home/antonino/lidar_area_monitor/ros2_lam_interfaces/build/ros2_lam_interfaces/rosidl_generator_cpp>;$<BUILD_INTERFACE:/home/antonino/lidar_area_monitor/ros2_lam_interfaces/build/ros2_lam_interfaces/rosidl_typesupport_fastrtps_cpp>;$<BUILD_INTERFACE:/home/antonino/lidar_area_monitor/ros2_lam_interfaces/build/ros2_lam_interfaces/rosidl_typesupport_introspection_c>;$<BUILD_INTERFACE:/home/antonino/lidar_area_monitor/ros2_lam_interfaces/build/ros2_lam_interfaces/rosidl_typesupport_introspection_cpp>;/home/antonino/lidar_area_monitor/ros2_lam_interfaces/build/ros2_lam_interfaces/rosidl_generator_c;/home/antonino/lidar_area_monitor/ros2_lam_interfaces/build/ros2_lam_interfaces/rosidl_generator_py
-- Configured cppcheck exclude dirs and/or files: 
-- Added test 'cpplint' to check C / C++ code against the Google style
-- Configured cpplint exclude dirs and/or files: 
-- Added test 'flake8' to check Python code syntax and style conventions
-- Configured 'flake8' exclude dirs and/or files: 
-- Added test 'lint_cmake' to check CMake code style
-- Added test 'pep257' to check Python code against some of the docstring style conventions in PEP 257
-- Added test 'uncrustify' to check C / C++ code style
-- Configured uncrustify additional arguments: 
-- Added test 'xmllint' to check XML markup files
-- Configuring done (6.8s)
-- Generating done (0.1s)
-- Build files have been written to: /home/antonino/lidar_area_monitor/ros2_lam_interfaces/build/ros2_lam_interfaces
[  2%] [34m[1mGenerating type hashes for ROS interfaces[0m
[  2%] Built target ament_cmake_python_copy_ros2_lam_interfaces
running egg_info
creating ros2_lam_interfaces.egg-info
writing ros2_lam_interfaces.egg-info/PKG-INFO
writing dependency_links to ros2_lam_interfaces.egg-info/dependency_links.txt
writing top-level names to ros2_lam_interfaces.egg-info/top_level.txt
writing manifest file 'ros2_lam_interfaces.egg-info/SOURCES.txt'
reading manifest file 'ros2_lam_interfaces.egg-info/SOURCES.txt'
writing manifest file 'ros2_lam_interfaces.egg-info/SOURCES.txt'
[  2%] Built target ament_cmake_python_build_ros2_lam_interfaces_egg
