[0.027s] Invoking command in '/home/antonino/lidar_area_monitor/ros2_lam_interfaces/build/ros2_lam_interfaces': CMAKE_PREFIX_PATH=${CMAKE_PREFIX_PATH}:/opt/ros/jazzy DEBUGINFOD_URLS=https://debuginfod.ubuntu.com /usr/bin/cmake /home/antonino/lidar_area_monitor/ros2_lam_interfaces -DCMAKE_INSTALL_PREFIX=/home/antonino/lidar_area_monitor/ros2_lam_interfaces/install/ros2_lam_interfaces
[0.061s] -- Found ament_cmake: 2.5.4 (/opt/ros/jazzy/share/ament_cmake/cmake)
[0.647s] -- Found geometry_msgs: 5.3.6 (/opt/ros/jazzy/share/geometry_msgs/cmake)
[0.696s] -- Found rosidl_generator_c: 4.6.6 (/opt/ros/jazzy/share/rosidl_generator_c/cmake)
[0.717s] -- Found rosidl_generator_cpp: 4.6.6 (/opt/ros/jazzy/share/rosidl_generator_cpp/cmake)
[0.734s] -- Using all available rosidl_typesupport_c: rosidl_typesupport_fastrtps_c;rosidl_typesupport_introspection_c
[0.761s] -- Using all available rosidl_typesupport_cpp: rosidl_typesupport_fastrtps_cpp;rosidl_typesupport_introspection_cpp
[0.828s] -- Found rosidl_default_generators: 1.6.0 (/opt/ros/jazzy/share/rosidl_default_generators/cmake)
[0.843s] -- Found rosidl_adapter: 4.6.6 (/opt/ros/jazzy/share/rosidl_adapter/cmake)
[2.296s] -- Found ament_cmake_ros: 0.12.0 (/opt/ros/jazzy/share/ament_cmake_ros/cmake)
[4.199s] -- Using all available rosidl_typesupport_c: rosidl_typesupport_fastrtps_c;rosidl_typesupport_introspection_c
[4.953s] -- Using all available rosidl_typesupport_cpp: rosidl_typesupport_fastrtps_cpp;rosidl_typesupport_introspection_cpp
[4.967s] -- Found python_cmake_module: 0.11.1 (/opt/ros/jazzy/share/python_cmake_module/cmake)
[5.281s] -- Found PythonExtra: /usr/bin/python3  
[6.517s] -- Found Python3: /usr/bin/python3 (found version "3.12.3") found components: Interpreter Development NumPy Development.Module Development.Embed 
[6.655s] -- Found ament_lint_auto: 0.17.3 (/opt/ros/jazzy/share/ament_lint_auto/cmake)
[6.725s] -- Added test 'copyright' to check source files copyright and LICENSE
[6.743s] -- Added test 'cppcheck' to perform static code analysis on C / C++ code
[6.744s] -- Configured cppcheck include dirs: $<BUILD_INTERFACE:/home/antonino/lidar_area_monitor/ros2_lam_interfaces/build/ros2_lam_interfaces/rosidl_generator_c>;$<BUILD_INTERFACE:/home/antonino/lidar_area_monitor/ros2_lam_interfaces/build/ros2_lam_interfaces/rosidl_typesupport_fastrtps_c>;$<BUILD_INTERFACE:/home/antonino/lidar_area_monitor/ros2_lam_interfaces/build/ros2_lam_interfaces/rosidl_generator_cpp>;$<BUILD_INTERFACE:/home/antonino/lidar_area_monitor/ros2_lam_interfaces/build/ros2_lam_interfaces/rosidl_typesupport_fastrtps_cpp>;$<BUILD_INTERFACE:/home/antonino/lidar_area_monitor/ros2_lam_interfaces/build/ros2_lam_interfaces/rosidl_typesupport_introspection_c>;$<BUILD_INTERFACE:/home/antonino/lidar_area_monitor/ros2_lam_interfaces/build/ros2_lam_interfaces/rosidl_typesupport_introspection_cpp>;/home/antonino/lidar_area_monitor/ros2_lam_interfaces/build/ros2_lam_interfaces/rosidl_generator_c;/home/antonino/lidar_area_monitor/ros2_lam_interfaces/build/ros2_lam_interfaces/rosidl_generator_py
[6.744s] -- Configured cppcheck exclude dirs and/or files: 
[6.768s] -- Added test 'cpplint' to check C / C++ code against the Google style
[6.768s] -- Configured cpplint exclude dirs and/or files: 
[6.777s] -- Added test 'flake8' to check Python code syntax and style conventions
[6.777s] -- Configured 'flake8' exclude dirs and/or files: 
[6.781s] -- Added test 'lint_cmake' to check CMake code style
[6.786s] -- Added test 'pep257' to check Python code against some of the docstring style conventions in PEP 257
[6.802s] -- Added test 'uncrustify' to check C / C++ code style
[6.802s] -- Configured uncrustify additional arguments: 
[6.811s] -- Added test 'xmllint' to check XML markup files
[6.817s] -- Configuring done (6.8s)
[6.906s] -- Generating done (0.1s)
[6.933s] -- Build files have been written to: /home/antonino/lidar_area_monitor/ros2_lam_interfaces/build/ros2_lam_interfaces
[6.956s] Invoked command in '/home/antonino/lidar_area_monitor/ros2_lam_interfaces/build/ros2_lam_interfaces' returned '0': CMAKE_PREFIX_PATH=${CMAKE_PREFIX_PATH}:/opt/ros/jazzy DEBUGINFOD_URLS=https://debuginfod.ubuntu.com /usr/bin/cmake /home/antonino/lidar_area_monitor/ros2_lam_interfaces -DCMAKE_INSTALL_PREFIX=/home/antonino/lidar_area_monitor/ros2_lam_interfaces/install/ros2_lam_interfaces
[6.960s] Invoking command in '/home/antonino/lidar_area_monitor/ros2_lam_interfaces/build/ros2_lam_interfaces': CMAKE_PREFIX_PATH=${CMAKE_PREFIX_PATH}:/opt/ros/jazzy DEBUGINFOD_URLS=https://debuginfod.ubuntu.com /usr/bin/cmake --build /home/antonino/lidar_area_monitor/ros2_lam_interfaces/build/ros2_lam_interfaces -- -j4 -l4
[7.089s] [  2%] [34m[1mGenerating type hashes for ROS interfaces[0m
[7.143s] [  2%] Built target ament_cmake_python_copy_ros2_lam_interfaces
[7.714s] running egg_info
[7.716s] creating ros2_lam_interfaces.egg-info
[7.756s] writing ros2_lam_interfaces.egg-info/PKG-INFO
[7.757s] writing dependency_links to ros2_lam_interfaces.egg-info/dependency_links.txt
[7.757s] writing top-level names to ros2_lam_interfaces.egg-info/top_level.txt
[7.757s] writing manifest file 'ros2_lam_interfaces.egg-info/SOURCES.txt'
[7.870s] reading manifest file 'ros2_lam_interfaces.egg-info/SOURCES.txt'
[7.871s] writing manifest file 'ros2_lam_interfaces.egg-info/SOURCES.txt'
[7.974s] [  2%] Built target ament_cmake_python_build_ros2_lam_interfaces_egg
[21.983s] Traceback (most recent call last):
[21.984s]   File "/opt/ros/jazzy/lib/rosidl_generator_type_description/rosidl_generator_type_description", line 50, in <module>
[21.984s]     sys.exit(main())
[21.984s]              ^^^^^^
[21.984s]   File "/opt/ros/jazzy/lib/rosidl_generator_type_description/rosidl_generator_type_description", line 46, in main
[21.984s]     generate_type_hash(args.generator_arguments_file)
[21.984s]   File "/opt/ros/jazzy/lib/python3.12/site-packages/rosidl_generator_type_description/__init__.py", line 160, in generate_type_hash
[21.984s]     pkg_dir = include_map[pkg]
[21.984s]               ~~~~~~~~~~~^^^^^
[21.984s] KeyError: 'geometry_msg'
[22.178s] gmake[2]: *** [CMakeFiles/ros2_lam_interfaces__rosidl_generator_type_description.dir/build.make:75: rosidl_generator_type_description/ros2_lam_interfaces/srv/SetExclusionArea.json] Error 1
[22.179s] gmake[1]: *** [CMakeFiles/Makefile2:215: CMakeFiles/ros2_lam_interfaces__rosidl_generator_type_description.dir/all] Error 2
[22.179s] gmake: *** [Makefile:146: all] Error 2
[22.182s] Invoked command in '/home/antonino/lidar_area_monitor/ros2_lam_interfaces/build/ros2_lam_interfaces' returned '2': CMAKE_PREFIX_PATH=${CMAKE_PREFIX_PATH}:/opt/ros/jazzy DEBUGINFOD_URLS=https://debuginfod.ubuntu.com /usr/bin/cmake --build /home/antonino/lidar_area_monitor/ros2_lam_interfaces/build/ros2_lam_interfaces -- -j4 -l4
