[0.193s] DEBUG:colcon:Command line arguments: ['/usr/bin/colcon', 'build']
[0.194s] DEBUG:colcon:Parsed command line arguments: Namespace(log_base=None, log_level=None, verb_name='build', build_base='build', install_base='install', merge_install=False, symlink_install=False, test_result_base=None, continue_on_error=False, executor='parallel', parallel_workers=4, event_handlers=None, ignore_user_meta=False, metas=['./colcon.meta'], base_paths=['.'], packages_ignore=None, packages_ignore_regex=None, paths=None, packages_up_to=None, packages_up_to_regex=None, packages_above=None, packages_above_and_dependencies=None, packages_above_depth=None, packages_select_by_dep=None, packages_skip_by_dep=None, packages_skip_up_to=None, packages_select_build_failed=False, packages_skip_build_finished=False, packages_select_test_failures=False, packages_skip_test_passed=False, packages_select=None, packages_skip=None, packages_select_regex=None, packages_skip_regex=None, packages_start=None, packages_end=None, allow_overriding=[], cmake_args=None, cmake_target=None, cmake_target_skip_unavailable=False, cmake_clean_cache=False, cmake_clean_first=False, cmake_force_configure=False, ament_cmake_args=None, catkin_cmake_args=None, catkin_skip_building_tests=False, mixin_files=None, mixin=None, verb_parser=<colcon_mixin.mixin.mixin_argument.MixinArgumentDecorator object at 0xffff8265c1d0>, verb_extension=<colcon_core.verb.build.BuildVerb object at 0xffff827e7e00>, main=<bound method BuildVerb.main of <colcon_core.verb.build.BuildVerb object at 0xffff827e7e00>>, mixin_verb=('build',))
[0.269s] Level 1:colcon.colcon_core.package_discovery:discover_packages(colcon_meta) check parameters
[0.269s] Level 1:colcon.colcon_core.package_discovery:discover_packages(recursive) check parameters
[0.269s] Level 1:colcon.colcon_core.package_discovery:discover_packages(ignore) check parameters
[0.269s] Level 1:colcon.colcon_core.package_discovery:discover_packages(path) check parameters
[0.269s] Level 1:colcon.colcon_core.package_discovery:discover_packages(colcon_meta) discover
[0.270s] Level 1:colcon.colcon_core.package_discovery:discover_packages(recursive) discover
[0.270s] INFO:colcon.colcon_core.package_discovery:Crawling recursively for packages in '/home/antonino/lidar_area_monitor/ros2_lam_interfaces'
[0.270s] Level 1:colcon.colcon_core.package_identification:_identify(.) by extensions ['ignore', 'ignore_ament_install']
[0.270s] Level 1:colcon.colcon_core.package_identification:_identify(.) by extension 'ignore'
[0.270s] Level 1:colcon.colcon_core.package_identification:_identify(.) by extension 'ignore_ament_install'
[0.270s] Level 1:colcon.colcon_core.package_identification:_identify(.) by extensions ['colcon_pkg']
[0.270s] Level 1:colcon.colcon_core.package_identification:_identify(.) by extension 'colcon_pkg'
[0.270s] Level 1:colcon.colcon_core.package_identification:_identify(.) by extensions ['colcon_meta']
[0.270s] Level 1:colcon.colcon_core.package_identification:_identify(.) by extension 'colcon_meta'
[0.270s] Level 1:colcon.colcon_core.package_identification:_identify(.) by extensions ['ros']
[0.270s] Level 1:colcon.colcon_core.package_identification:_identify(.) by extension 'ros'
[0.324s] DEBUG:colcon.colcon_core.package_identification:Package '.' with type 'ros.ament_cmake' and name 'ros2_lam_interfaces'
[0.324s] Level 1:colcon.colcon_core.package_discovery:discover_packages(recursive) using defaults
[0.324s] Level 1:colcon.colcon_core.package_discovery:discover_packages(ignore) discover
[0.324s] Level 1:colcon.colcon_core.package_discovery:discover_packages(ignore) using defaults
[0.325s] Level 1:colcon.colcon_core.package_discovery:discover_packages(path) discover
[0.325s] Level 1:colcon.colcon_core.package_discovery:discover_packages(path) using defaults
[0.361s] Level 1:colcon.colcon_core.package_discovery:discover_packages(prefix_path) check parameters
[0.361s] Level 1:colcon.colcon_core.package_discovery:discover_packages(prefix_path) discover
[0.364s] DEBUG:colcon.colcon_installed_package_information.package_discovery:Found 1 installed packages in /home/antonino/lidar_area_monitor/ros2_lam_interfaces/install
[0.366s] DEBUG:colcon.colcon_installed_package_information.package_discovery:Found 285 installed packages in /opt/ros/jazzy
[0.369s] Level 1:colcon.colcon_core.package_discovery:discover_packages(prefix_path) using defaults
[0.437s] Level 5:colcon.colcon_core.verb:set package 'ros2_lam_interfaces' build argument 'cmake_args' from command line to 'None'
[0.438s] Level 5:colcon.colcon_core.verb:set package 'ros2_lam_interfaces' build argument 'cmake_target' from command line to 'None'
[0.438s] Level 5:colcon.colcon_core.verb:set package 'ros2_lam_interfaces' build argument 'cmake_target_skip_unavailable' from command line to 'False'
[0.438s] Level 5:colcon.colcon_core.verb:set package 'ros2_lam_interfaces' build argument 'cmake_clean_cache' from command line to 'False'
[0.438s] Level 5:colcon.colcon_core.verb:set package 'ros2_lam_interfaces' build argument 'cmake_clean_first' from command line to 'False'
[0.438s] Level 5:colcon.colcon_core.verb:set package 'ros2_lam_interfaces' build argument 'cmake_force_configure' from command line to 'False'
[0.438s] Level 5:colcon.colcon_core.verb:set package 'ros2_lam_interfaces' build argument 'ament_cmake_args' from command line to 'None'
[0.438s] Level 5:colcon.colcon_core.verb:set package 'ros2_lam_interfaces' build argument 'catkin_cmake_args' from command line to 'None'
[0.438s] Level 5:colcon.colcon_core.verb:set package 'ros2_lam_interfaces' build argument 'catkin_skip_building_tests' from command line to 'False'
[0.438s] DEBUG:colcon.colcon_core.verb:Building package 'ros2_lam_interfaces' with the following arguments: {'ament_cmake_args': None, 'build_base': '/home/antonino/lidar_area_monitor/ros2_lam_interfaces/build/ros2_lam_interfaces', 'catkin_cmake_args': None, 'catkin_skip_building_tests': False, 'cmake_args': None, 'cmake_clean_cache': False, 'cmake_clean_first': False, 'cmake_force_configure': False, 'cmake_target': None, 'cmake_target_skip_unavailable': False, 'install_base': '/home/antonino/lidar_area_monitor/ros2_lam_interfaces/install/ros2_lam_interfaces', 'merge_install': False, 'path': '/home/antonino/lidar_area_monitor/ros2_lam_interfaces', 'symlink_install': False, 'test_result_base': None}
[0.438s] INFO:colcon.colcon_core.executor:Executing jobs using 'parallel' executor
[0.439s] DEBUG:colcon.colcon_parallel_executor.executor.parallel:run_until_complete
[0.440s] INFO:colcon.colcon_ros.task.ament_cmake.build:Building ROS package in '/home/antonino/lidar_area_monitor/ros2_lam_interfaces' with build type 'ament_cmake'
[0.440s] INFO:colcon.colcon_cmake.task.cmake.build:Building CMake package in '/home/antonino/lidar_area_monitor/ros2_lam_interfaces'
[0.450s] INFO:colcon.colcon_core.plugin_system:Skipping extension 'colcon_core.shell.bat': Not used on non-Windows systems
[0.451s] INFO:colcon.colcon_core.shell:Skip shell extension 'powershell' for command environment: Not usable outside of PowerShell
[0.451s] DEBUG:colcon.colcon_core.shell:Skip shell extension 'dsv' for command environment
[0.475s] DEBUG:colcon.colcon_core.event_handler.log_command:Invoking command in '/home/antonino/lidar_area_monitor/ros2_lam_interfaces/build/ros2_lam_interfaces': CMAKE_PREFIX_PATH=${CMAKE_PREFIX_PATH}:/opt/ros/jazzy DEBUGINFOD_URLS=https://debuginfod.ubuntu.com /usr/bin/cmake /home/antonino/lidar_area_monitor/ros2_lam_interfaces -DCMAKE_INSTALL_PREFIX=/home/antonino/lidar_area_monitor/ros2_lam_interfaces/install/ros2_lam_interfaces
[3.927s] DEBUG:colcon.colcon_core.event_handler.log_command:Invoked command in '/home/antonino/lidar_area_monitor/ros2_lam_interfaces/build/ros2_lam_interfaces' returned '1': CMAKE_PREFIX_PATH=${CMAKE_PREFIX_PATH}:/opt/ros/jazzy DEBUGINFOD_URLS=https://debuginfod.ubuntu.com /usr/bin/cmake /home/antonino/lidar_area_monitor/ros2_lam_interfaces -DCMAKE_INSTALL_PREFIX=/home/antonino/lidar_area_monitor/ros2_lam_interfaces/install/ros2_lam_interfaces
[3.957s] Level 1:colcon.colcon_core.environment:create_environment_scripts_only(ros2_lam_interfaces)
[3.976s] Level 1:colcon.colcon_core.environment:checking '/home/antonino/lidar_area_monitor/ros2_lam_interfaces/install/ros2_lam_interfaces' for CMake module files
[3.977s] Level 1:colcon.colcon_core.environment:checking '/home/antonino/lidar_area_monitor/ros2_lam_interfaces/install/ros2_lam_interfaces' for CMake config files
[3.979s] Level 1:colcon.colcon_core.environment:checking '/home/antonino/lidar_area_monitor/ros2_lam_interfaces/install/ros2_lam_interfaces/bin'
[3.980s] Level 1:colcon.colcon_core.environment:checking '/home/antonino/lidar_area_monitor/ros2_lam_interfaces/install/ros2_lam_interfaces/lib/pkgconfig/ros2_lam_interfaces.pc'
[3.980s] Level 1:colcon.colcon_core.environment:checking '/home/antonino/lidar_area_monitor/ros2_lam_interfaces/install/ros2_lam_interfaces/lib/python3.12/site-packages'
[3.981s] Level 1:colcon.colcon_core.environment:checking '/home/antonino/lidar_area_monitor/ros2_lam_interfaces/install/ros2_lam_interfaces/bin'
[3.982s] INFO:colcon.colcon_core.shell:Creating package script '/home/antonino/lidar_area_monitor/ros2_lam_interfaces/install/ros2_lam_interfaces/share/ros2_lam_interfaces/package.ps1'
[3.984s] INFO:colcon.colcon_core.shell:Creating package descriptor '/home/antonino/lidar_area_monitor/ros2_lam_interfaces/install/ros2_lam_interfaces/share/ros2_lam_interfaces/package.dsv'
[3.985s] INFO:colcon.colcon_core.shell:Creating package script '/home/antonino/lidar_area_monitor/ros2_lam_interfaces/install/ros2_lam_interfaces/share/ros2_lam_interfaces/package.sh'
[3.986s] INFO:colcon.colcon_core.shell:Creating package script '/home/antonino/lidar_area_monitor/ros2_lam_interfaces/install/ros2_lam_interfaces/share/ros2_lam_interfaces/package.bash'
[3.987s] INFO:colcon.colcon_core.shell:Creating package script '/home/antonino/lidar_area_monitor/ros2_lam_interfaces/install/ros2_lam_interfaces/share/ros2_lam_interfaces/package.zsh'
[3.987s] Level 1:colcon.colcon_core.environment:create_file_with_runtime_dependencies(/home/antonino/lidar_area_monitor/ros2_lam_interfaces/install/ros2_lam_interfaces/share/colcon-core/packages/ros2_lam_interfaces)
[3.998s] DEBUG:colcon.colcon_parallel_executor.executor.parallel:closing loop
[3.999s] DEBUG:colcon.colcon_parallel_executor.executor.parallel:loop closed
[4.000s] DEBUG:colcon.colcon_parallel_executor.executor.parallel:run_until_complete finished with '1'
[4.000s] DEBUG:colcon.colcon_core.event_reactor:joining thread
[4.022s] INFO:colcon.colcon_core.plugin_system:Skipping extension 'colcon_notification.desktop_notification.terminal_notifier': Not used on non-Darwin systems
[4.022s] INFO:colcon.colcon_core.plugin_system:Skipping extension 'colcon_notification.desktop_notification.win32': Not used on non-Windows systems
[4.022s] INFO:colcon.colcon_notification.desktop_notification:Sending desktop notification using 'notify2'
[4.055s] DEBUG:colcon.colcon_core.event_reactor:joined thread
[4.055s] INFO:colcon.colcon_core.shell:Creating prefix script '/home/antonino/lidar_area_monitor/ros2_lam_interfaces/install/local_setup.ps1'
[4.057s] INFO:colcon.colcon_core.shell:Creating prefix util module '/home/antonino/lidar_area_monitor/ros2_lam_interfaces/install/_local_setup_util_ps1.py'
[4.063s] INFO:colcon.colcon_core.shell:Creating prefix chain script '/home/antonino/lidar_area_monitor/ros2_lam_interfaces/install/setup.ps1'
[4.066s] INFO:colcon.colcon_core.shell:Creating prefix script '/home/antonino/lidar_area_monitor/ros2_lam_interfaces/install/local_setup.sh'
[4.067s] INFO:colcon.colcon_core.shell:Creating prefix util module '/home/antonino/lidar_area_monitor/ros2_lam_interfaces/install/_local_setup_util_sh.py'
[4.069s] INFO:colcon.colcon_core.shell:Creating prefix chain script '/home/antonino/lidar_area_monitor/ros2_lam_interfaces/install/setup.sh'
[4.070s] INFO:colcon.colcon_core.shell:Creating prefix script '/home/antonino/lidar_area_monitor/ros2_lam_interfaces/install/local_setup.bash'
[4.072s] INFO:colcon.colcon_core.shell:Creating prefix chain script '/home/antonino/lidar_area_monitor/ros2_lam_interfaces/install/setup.bash'
[4.073s] INFO:colcon.colcon_core.shell:Creating prefix script '/home/antonino/lidar_area_monitor/ros2_lam_interfaces/install/local_setup.zsh'
[4.075s] INFO:colcon.colcon_core.shell:Creating prefix chain script '/home/antonino/lidar_area_monitor/ros2_lam_interfaces/install/setup.zsh'
