[0.038s] Invoking command in '/home/antonino/lidar_area_monitor/ros2_lam_interfaces/build/ros2_lam_interfaces': CMAKE_PREFIX_PATH=${CMAKE_PREFIX_PATH}:/opt/ros/jazzy DEBUGINFOD_URLS=https://debuginfod.ubuntu.com /usr/bin/cmake --build /home/antonino/lidar_area_monitor/ros2_lam_interfaces/build/ros2_lam_interfaces -- -j4 -l4
[0.096s] -- Found ament_cmake: 2.5.4 (/opt/ros/jazzy/share/ament_cmake/cmake)
[0.166s] -- Found Python3: /usr/bin/python3 (found version "3.12.3") found components: Interpreter 
[0.442s] -- Found geometry_msgs: 5.3.6 (/opt/ros/jazzy/share/geometry_msgs/cmake)
[0.515s] -- Found rosidl_generator_c: 4.6.6 (/opt/ros/jazzy/share/rosidl_generator_c/cmake)
[0.535s] -- Found rosidl_generator_cpp: 4.6.6 (/opt/ros/jazzy/share/rosidl_generator_cpp/cmake)
[0.560s] -- Using all available rosidl_typesupport_c: rosidl_typesupport_fastrtps_c;rosidl_typesupport_introspection_c
[0.592s] -- Using all available rosidl_typesupport_cpp: rosidl_typesupport_fastrtps_cpp;rosidl_typesupport_introspection_cpp
[0.684s] -- Found rosidl_default_generators: 1.6.0 (/opt/ros/jazzy/share/rosidl_default_generators/cmake)
[0.703s] -- Found rosidl_adapter: 4.6.6 (/opt/ros/jazzy/share/rosidl_adapter/cmake)
[1.493s] -- Found ament_cmake_ros: 0.12.0 (/opt/ros/jazzy/share/ament_cmake_ros/cmake)
[2.053s] -- Using all available rosidl_typesupport_c: rosidl_typesupport_fastrtps_c;rosidl_typesupport_introspection_c
[2.276s] -- Using all available rosidl_typesupport_cpp: rosidl_typesupport_fastrtps_cpp;rosidl_typesupport_introspection_cpp
[2.279s] -- Found python_cmake_module: 0.11.1 (/opt/ros/jazzy/share/python_cmake_module/cmake)
[2.930s] -- Found Python3: /usr/bin/python3 (found version "3.12.3") found components: Interpreter Development NumPy Development.Module Development.Embed 
[2.997s] -- Found ament_lint_auto: 0.17.3 (/opt/ros/jazzy/share/ament_lint_auto/cmake)
[3.012s] -- Added test 'copyright' to check source files copyright and LICENSE
[3.053s] -- Added test 'cppcheck' to perform static code analysis on C / C++ code
[3.054s] -- Configured cppcheck include dirs: $<BUILD_INTERFACE:/home/antonino/lidar_area_monitor/ros2_lam_interfaces/build/ros2_lam_interfaces/rosidl_generator_c>;$<BUILD_INTERFACE:/home/antonino/lidar_area_monitor/ros2_lam_interfaces/build/ros2_lam_interfaces/rosidl_typesupport_fastrtps_c>;$<BUILD_INTERFACE:/home/antonino/lidar_area_monitor/ros2_lam_interfaces/build/ros2_lam_interfaces/rosidl_generator_cpp>;$<BUILD_INTERFACE:/home/antonino/lidar_area_monitor/ros2_lam_interfaces/build/ros2_lam_interfaces/rosidl_typesupport_fastrtps_cpp>;$<BUILD_INTERFACE:/home/antonino/lidar_area_monitor/ros2_lam_interfaces/build/ros2_lam_interfaces/rosidl_typesupport_introspection_c>;$<BUILD_INTERFACE:/home/antonino/lidar_area_monitor/ros2_lam_interfaces/build/ros2_lam_interfaces/rosidl_typesupport_introspection_cpp>;/home/antonino/lidar_area_monitor/ros2_lam_interfaces/build/ros2_lam_interfaces/rosidl_generator_c;/home/antonino/lidar_area_monitor/ros2_lam_interfaces/build/ros2_lam_interfaces/rosidl_generator_py
[3.054s] -- Configured cppcheck exclude dirs and/or files: 
[3.093s] -- Added test 'cpplint' to check C / C++ code against the Google style
[3.093s] -- Configured cpplint exclude dirs and/or files: 
[3.097s] -- Added test 'flake8' to check Python code syntax and style conventions
[3.097s] -- Configured 'flake8' exclude dirs and/or files: 
[3.108s] -- Added test 'lint_cmake' to check CMake code style
[3.113s] -- Added test 'pep257' to check Python code against some of the docstring style conventions in PEP 257
[3.154s] -- Added test 'uncrustify' to check C / C++ code style
[3.154s] -- Configured uncrustify additional arguments: 
[3.159s] -- Added test 'xmllint' to check XML markup files
[3.161s] -- Configuring done (3.1s)
[3.291s] -- Generating done (0.1s)
[3.345s] -- Build files have been written to: /home/antonino/lidar_area_monitor/ros2_lam_interfaces/build/ros2_lam_interfaces
[3.444s] [  2%] [34m[1mGenerating type hashes for ROS interfaces[0m
[3.468s] [  2%] Built target ament_cmake_python_copy_ros2_lam_interfaces
[3.908s] [  2%] Built target ros2_lam_interfaces__rosidl_generator_type_description
[3.936s] [  5%] [34m[1mGenerating C code for ROS interfaces[0m
[3.983s] [  8%] [34m[1mGenerating C++ code for ROS interfaces[0m
[3.992s] running egg_info
[4.038s] writing ros2_lam_interfaces.egg-info/PKG-INFO
[4.042s] writing dependency_links to ros2_lam_interfaces.egg-info/dependency_links.txt
[4.042s] writing top-level names to ros2_lam_interfaces.egg-info/top_level.txt
[4.200s] reading manifest file 'ros2_lam_interfaces.egg-info/SOURCES.txt'
[4.201s] writing manifest file 'ros2_lam_interfaces.egg-info/SOURCES.txt'
[4.335s] [  8%] Built target ament_cmake_python_build_ros2_lam_interfaces_egg
[4.747s] [  8%] Built target ros2_lam_interfaces__cpp
[4.794s] [ 14%] [32mBuilding C object CMakeFiles/ros2_lam_interfaces__rosidl_generator_c.dir/rosidl_generator_c/ros2_lam_interfaces/srv/detail/set_exclusion_area__description.c.o[0m
[4.794s] [ 14%] [32mBuilding C object CMakeFiles/ros2_lam_interfaces__rosidl_generator_c.dir/rosidl_generator_c/ros2_lam_interfaces/srv/detail/set_exclusion_area__type_support.c.o[0m
[4.796s] [ 17%] [32mBuilding C object CMakeFiles/ros2_lam_interfaces__rosidl_generator_c.dir/rosidl_generator_c/ros2_lam_interfaces/srv/detail/set_exclusion_area__functions.c.o[0m
[5.069s] [ 20%] [32m[1mLinking C shared library libros2_lam_interfaces__rosidl_generator_c.so[0m
[5.185s] [ 20%] Built target ros2_lam_interfaces__rosidl_generator_c
[5.215s] [ 29%] [34m[1mGenerating C++ type support for eProsima Fast-RTPS[0m
[5.218s] [ 29%] [34m[1mGenerating C type support for eProsima Fast-RTPS[0m
[5.218s] [ 29%] [34m[1mGenerating C++ type support dispatch for ROS interfaces[0m
[5.907s] [ 32%] [34m[1mGenerating C introspection for ROS interfaces[0m
[5.915s] [ 35%] [32mBuilding CXX object CMakeFiles/ros2_lam_interfaces__rosidl_typesupport_cpp.dir/rosidl_typesupport_cpp/ros2_lam_interfaces/srv/set_exclusion_area__type_support.cpp.o[0m
[6.191s] [ 38%] [32mBuilding CXX object CMakeFiles/ros2_lam_interfaces__rosidl_typesupport_fastrtps_cpp.dir/rosidl_typesupport_fastrtps_cpp/ros2_lam_interfaces/srv/detail/dds_fastrtps/set_exclusion_area__type_support.cpp.o[0m
[6.228s] [ 41%] [32mBuilding CXX object CMakeFiles/ros2_lam_interfaces__rosidl_typesupport_fastrtps_c.dir/rosidl_typesupport_fastrtps_c/ros2_lam_interfaces/srv/detail/set_exclusion_area__type_support_c.cpp.o[0m
[6.844s] [ 44%] [32mBuilding C object CMakeFiles/ros2_lam_interfaces__rosidl_typesupport_introspection_c.dir/rosidl_typesupport_introspection_c/ros2_lam_interfaces/srv/detail/set_exclusion_area__type_support.c.o[0m
[7.155s] [ 47%] [32m[1mLinking C shared library libros2_lam_interfaces__rosidl_typesupport_introspection_c.so[0m
[7.281s] [ 47%] Built target ros2_lam_interfaces__rosidl_typesupport_introspection_c
[7.325s] [ 50%] [34m[1mGenerating C type support dispatch for ROS interfaces[0m
[8.011s] [ 52%] [32m[1mLinking CXX shared library libros2_lam_interfaces__rosidl_typesupport_cpp.so[0m
[8.421s] [ 52%] Built target ros2_lam_interfaces__rosidl_typesupport_cpp
[8.433s] [ 55%] [32mBuilding CXX object CMakeFiles/ros2_lam_interfaces__rosidl_typesupport_c.dir/rosidl_typesupport_c/ros2_lam_interfaces/srv/set_exclusion_area__type_support.cpp.o[0m
[8.467s] [ 58%] [34m[1mGenerating C++ introspection for ROS interfaces[0m
[8.563s] [ 61%] [32m[1mLinking CXX shared library libros2_lam_interfaces__rosidl_typesupport_fastrtps_c.so[0m
[8.732s] [ 64%] [32m[1mLinking CXX shared library libros2_lam_interfaces__rosidl_typesupport_c.so[0m
[8.917s] [ 64%] Built target ros2_lam_interfaces__rosidl_typesupport_fastrtps_c
[8.959s] [ 64%] Built target ros2_lam_interfaces__rosidl_typesupport_c
[9.187s] [ 67%] [32m[1mLinking CXX shared library libros2_lam_interfaces__rosidl_typesupport_fastrtps_cpp.so[0m
[9.381s] [ 70%] [32mBuilding CXX object CMakeFiles/ros2_lam_interfaces__rosidl_typesupport_introspection_cpp.dir/rosidl_typesupport_introspection_cpp/ros2_lam_interfaces/srv/detail/set_exclusion_area__type_support.cpp.o[0m
[9.461s] [ 70%] Built target ros2_lam_interfaces__rosidl_typesupport_fastrtps_cpp
[10.395s] [ 73%] [32m[1mLinking CXX shared library libros2_lam_interfaces__rosidl_typesupport_introspection_cpp.so[0m
[10.619s] [ 73%] Built target ros2_lam_interfaces__rosidl_typesupport_introspection_cpp
[10.668s] [ 73%] Built target ros2_lam_interfaces
[10.724s] [ 76%] [34m[1mGenerating Python code for ROS interfaces[0m
[11.491s] [ 76%] Built target ros2_lam_interfaces__py
[11.539s] [ 79%] [32mBuilding C object CMakeFiles/ros2_lam_interfaces__rosidl_generator_py.dir/rosidl_generator_py/ros2_lam_interfaces/srv/_set_exclusion_area_s.c.o[0m
[11.980s] [ 82%] [32m[1mLinking C shared library libros2_lam_interfaces__rosidl_generator_py.so[0m
[12.108s] [ 82%] Built target ros2_lam_interfaces__rosidl_generator_py
[12.163s] [ 88%] [32mBuilding C object CMakeFiles/ros2_lam_interfaces_s__rosidl_typesupport_fastrtps_c.dir/rosidl_generator_py/ros2_lam_interfaces/_ros2_lam_interfaces_s.ep.rosidl_typesupport_fastrtps_c.c.o[0m
[12.164s] [ 88%] [32mBuilding C object CMakeFiles/ros2_lam_interfaces_s__rosidl_typesupport_introspection_c.dir/rosidl_generator_py/ros2_lam_interfaces/_ros2_lam_interfaces_s.ep.rosidl_typesupport_introspection_c.c.o[0m
[12.456s] [ 91%] [32m[1mLinking C shared module rosidl_generator_py/ros2_lam_interfaces/ros2_lam_interfaces_s__rosidl_typesupport_introspection_c.so[0m
[12.463s] [ 94%] [32m[1mLinking C shared module rosidl_generator_py/ros2_lam_interfaces/ros2_lam_interfaces_s__rosidl_typesupport_fastrtps_c.so[0m
[12.601s] [ 94%] Built target ros2_lam_interfaces_s__rosidl_typesupport_fastrtps_c
[12.607s] [ 94%] Built target ros2_lam_interfaces_s__rosidl_typesupport_introspection_c
[12.655s] [ 97%] [32mBuilding C object CMakeFiles/ros2_lam_interfaces_s__rosidl_typesupport_c.dir/rosidl_generator_py/ros2_lam_interfaces/_ros2_lam_interfaces_s.ep.rosidl_typesupport_c.c.o[0m
[12.884s] [100%] [32m[1mLinking C shared module rosidl_generator_py/ros2_lam_interfaces/ros2_lam_interfaces_s__rosidl_typesupport_c.so[0m
[12.966s] [100%] Built target ros2_lam_interfaces_s__rosidl_typesupport_c
[12.999s] Invoked command in '/home/antonino/lidar_area_monitor/ros2_lam_interfaces/build/ros2_lam_interfaces' returned '0': CMAKE_PREFIX_PATH=${CMAKE_PREFIX_PATH}:/opt/ros/jazzy DEBUGINFOD_URLS=https://debuginfod.ubuntu.com /usr/bin/cmake --build /home/antonino/lidar_area_monitor/ros2_lam_interfaces/build/ros2_lam_interfaces -- -j4 -l4
[13.025s] Invoking command in '/home/antonino/lidar_area_monitor/ros2_lam_interfaces/build/ros2_lam_interfaces': CMAKE_PREFIX_PATH=${CMAKE_PREFIX_PATH}:/opt/ros/jazzy DEBUGINFOD_URLS=https://debuginfod.ubuntu.com /usr/bin/cmake --install /home/antonino/lidar_area_monitor/ros2_lam_interfaces/build/ros2_lam_interfaces
[13.042s] -- Install configuration: ""
[13.043s] -- Installing: /home/antonino/lidar_area_monitor/ros2_lam_interfaces/install/ros2_lam_interfaces/share/ament_index/resource_index/rosidl_interfaces/ros2_lam_interfaces
[13.043s] -- Installing: /home/antonino/lidar_area_monitor/ros2_lam_interfaces/install/ros2_lam_interfaces/share/ros2_lam_interfaces/srv/SetExclusionArea.json
[13.043s] -- Installing: /home/antonino/lidar_area_monitor/ros2_lam_interfaces/install/ros2_lam_interfaces/include/ros2_lam_interfaces/ros2_lam_interfaces
[13.043s] -- Installing: /home/antonino/lidar_area_monitor/ros2_lam_interfaces/install/ros2_lam_interfaces/include/ros2_lam_interfaces/ros2_lam_interfaces/srv
[13.043s] -- Installing: /home/antonino/lidar_area_monitor/ros2_lam_interfaces/install/ros2_lam_interfaces/include/ros2_lam_interfaces/ros2_lam_interfaces/srv/set_exclusion_area.h
[13.043s] -- Installing: /home/antonino/lidar_area_monitor/ros2_lam_interfaces/install/ros2_lam_interfaces/include/ros2_lam_interfaces/ros2_lam_interfaces/srv/detail
[13.043s] -- Installing: /home/antonino/lidar_area_monitor/ros2_lam_interfaces/install/ros2_lam_interfaces/include/ros2_lam_interfaces/ros2_lam_interfaces/srv/detail/set_exclusion_area__functions.h
[13.044s] -- Installing: /home/antonino/lidar_area_monitor/ros2_lam_interfaces/install/ros2_lam_interfaces/include/ros2_lam_interfaces/ros2_lam_interfaces/srv/detail/set_exclusion_area__type_support.h
[13.044s] -- Installing: /home/antonino/lidar_area_monitor/ros2_lam_interfaces/install/ros2_lam_interfaces/include/ros2_lam_interfaces/ros2_lam_interfaces/srv/detail/set_exclusion_area__functions.c
[13.044s] -- Installing: /home/antonino/lidar_area_monitor/ros2_lam_interfaces/install/ros2_lam_interfaces/include/ros2_lam_interfaces/ros2_lam_interfaces/srv/detail/set_exclusion_area__description.c
[13.044s] -- Installing: /home/antonino/lidar_area_monitor/ros2_lam_interfaces/install/ros2_lam_interfaces/include/ros2_lam_interfaces/ros2_lam_interfaces/srv/detail/set_exclusion_area__type_support.c
[13.046s] -- Installing: /home/antonino/lidar_area_monitor/ros2_lam_interfaces/install/ros2_lam_interfaces/include/ros2_lam_interfaces/ros2_lam_interfaces/srv/detail/set_exclusion_area__struct.h
[13.046s] -- Installing: /home/antonino/lidar_area_monitor/ros2_lam_interfaces/install/ros2_lam_interfaces/include/ros2_lam_interfaces/ros2_lam_interfaces/msg
[13.047s] -- Installing: /home/antonino/lidar_area_monitor/ros2_lam_interfaces/install/ros2_lam_interfaces/include/ros2_lam_interfaces/ros2_lam_interfaces/msg/rosidl_generator_c__visibility_control.h
[13.047s] -- Installing: /home/antonino/lidar_area_monitor/ros2_lam_interfaces/install/ros2_lam_interfaces/share/ros2_lam_interfaces/environment/library_path.sh
[13.048s] -- Installing: /home/antonino/lidar_area_monitor/ros2_lam_interfaces/install/ros2_lam_interfaces/share/ros2_lam_interfaces/environment/library_path.dsv
[13.048s] -- Installing: /home/antonino/lidar_area_monitor/ros2_lam_interfaces/install/ros2_lam_interfaces/lib/libros2_lam_interfaces__rosidl_generator_c.so
[13.049s] -- Set non-toolchain portion of runtime path of "/home/antonino/lidar_area_monitor/ros2_lam_interfaces/install/ros2_lam_interfaces/lib/libros2_lam_interfaces__rosidl_generator_c.so" to ""
[13.049s] -- Up-to-date: /home/antonino/lidar_area_monitor/ros2_lam_interfaces/install/ros2_lam_interfaces/include/ros2_lam_interfaces/ros2_lam_interfaces
[13.049s] -- Up-to-date: /home/antonino/lidar_area_monitor/ros2_lam_interfaces/install/ros2_lam_interfaces/include/ros2_lam_interfaces/ros2_lam_interfaces/srv
[13.050s] -- Up-to-date: /home/antonino/lidar_area_monitor/ros2_lam_interfaces/install/ros2_lam_interfaces/include/ros2_lam_interfaces/ros2_lam_interfaces/srv/detail
[13.050s] -- Installing: /home/antonino/lidar_area_monitor/ros2_lam_interfaces/install/ros2_lam_interfaces/include/ros2_lam_interfaces/ros2_lam_interfaces/srv/detail/set_exclusion_area__rosidl_typesupport_fastrtps_c.h
[13.050s] -- Up-to-date: /home/antonino/lidar_area_monitor/ros2_lam_interfaces/install/ros2_lam_interfaces/include/ros2_lam_interfaces/ros2_lam_interfaces/msg
[13.050s] -- Installing: /home/antonino/lidar_area_monitor/ros2_lam_interfaces/install/ros2_lam_interfaces/include/ros2_lam_interfaces/ros2_lam_interfaces/msg/rosidl_typesupport_fastrtps_c__visibility_control.h
[13.051s] -- Installing: /home/antonino/lidar_area_monitor/ros2_lam_interfaces/install/ros2_lam_interfaces/lib/libros2_lam_interfaces__rosidl_typesupport_fastrtps_c.so
[13.051s] -- Set non-toolchain portion of runtime path of "/home/antonino/lidar_area_monitor/ros2_lam_interfaces/install/ros2_lam_interfaces/lib/libros2_lam_interfaces__rosidl_typesupport_fastrtps_c.so" to ""
[13.051s] -- Up-to-date: /home/antonino/lidar_area_monitor/ros2_lam_interfaces/install/ros2_lam_interfaces/include/ros2_lam_interfaces/ros2_lam_interfaces
[13.053s] -- Up-to-date: /home/antonino/lidar_area_monitor/ros2_lam_interfaces/install/ros2_lam_interfaces/include/ros2_lam_interfaces/ros2_lam_interfaces/srv
[13.053s] -- Installing: /home/antonino/lidar_area_monitor/ros2_lam_interfaces/install/ros2_lam_interfaces/include/ros2_lam_interfaces/ros2_lam_interfaces/srv/set_exclusion_area.hpp
[13.055s] -- Up-to-date: /home/antonino/lidar_area_monitor/ros2_lam_interfaces/install/ros2_lam_interfaces/include/ros2_lam_interfaces/ros2_lam_interfaces/srv/detail
[13.055s] -- Installing: /home/antonino/lidar_area_monitor/ros2_lam_interfaces/install/ros2_lam_interfaces/include/ros2_lam_interfaces/ros2_lam_interfaces/srv/detail/set_exclusion_area__builder.hpp
[13.055s] -- Installing: /home/antonino/lidar_area_monitor/ros2_lam_interfaces/install/ros2_lam_interfaces/include/ros2_lam_interfaces/ros2_lam_interfaces/srv/detail/set_exclusion_area__type_support.hpp
[13.055s] -- Installing: /home/antonino/lidar_area_monitor/ros2_lam_interfaces/install/ros2_lam_interfaces/include/ros2_lam_interfaces/ros2_lam_interfaces/srv/detail/set_exclusion_area__struct.hpp
[13.055s] -- Installing: /home/antonino/lidar_area_monitor/ros2_lam_interfaces/install/ros2_lam_interfaces/include/ros2_lam_interfaces/ros2_lam_interfaces/srv/detail/set_exclusion_area__traits.hpp
[13.055s] -- Up-to-date: /home/antonino/lidar_area_monitor/ros2_lam_interfaces/install/ros2_lam_interfaces/include/ros2_lam_interfaces/ros2_lam_interfaces/msg
[13.056s] -- Installing: /home/antonino/lidar_area_monitor/ros2_lam_interfaces/install/ros2_lam_interfaces/include/ros2_lam_interfaces/ros2_lam_interfaces/msg/rosidl_generator_cpp__visibility_control.hpp
[13.057s] -- Up-to-date: /home/antonino/lidar_area_monitor/ros2_lam_interfaces/install/ros2_lam_interfaces/include/ros2_lam_interfaces/ros2_lam_interfaces
[13.057s] -- Up-to-date: /home/antonino/lidar_area_monitor/ros2_lam_interfaces/install/ros2_lam_interfaces/include/ros2_lam_interfaces/ros2_lam_interfaces/srv
[13.058s] -- Up-to-date: /home/antonino/lidar_area_monitor/ros2_lam_interfaces/install/ros2_lam_interfaces/include/ros2_lam_interfaces/ros2_lam_interfaces/srv/detail
[13.058s] -- Installing: /home/antonino/lidar_area_monitor/ros2_lam_interfaces/install/ros2_lam_interfaces/include/ros2_lam_interfaces/ros2_lam_interfaces/srv/detail/set_exclusion_area__rosidl_typesupport_fastrtps_cpp.hpp
[13.058s] -- Installing: /home/antonino/lidar_area_monitor/ros2_lam_interfaces/install/ros2_lam_interfaces/include/ros2_lam_interfaces/ros2_lam_interfaces/srv/detail/dds_fastrtps
[13.059s] -- Up-to-date: /home/antonino/lidar_area_monitor/ros2_lam_interfaces/install/ros2_lam_interfaces/include/ros2_lam_interfaces/ros2_lam_interfaces/msg
[13.059s] -- Installing: /home/antonino/lidar_area_monitor/ros2_lam_interfaces/install/ros2_lam_interfaces/include/ros2_lam_interfaces/ros2_lam_interfaces/msg/rosidl_typesupport_fastrtps_cpp__visibility_control.h
[13.059s] -- Installing: /home/antonino/lidar_area_monitor/ros2_lam_interfaces/install/ros2_lam_interfaces/lib/libros2_lam_interfaces__rosidl_typesupport_fastrtps_cpp.so
[13.059s] -- Set non-toolchain portion of runtime path of "/home/antonino/lidar_area_monitor/ros2_lam_interfaces/install/ros2_lam_interfaces/lib/libros2_lam_interfaces__rosidl_typesupport_fastrtps_cpp.so" to ""
[13.060s] -- Up-to-date: /home/antonino/lidar_area_monitor/ros2_lam_interfaces/install/ros2_lam_interfaces/include/ros2_lam_interfaces/ros2_lam_interfaces
[13.060s] -- Up-to-date: /home/antonino/lidar_area_monitor/ros2_lam_interfaces/install/ros2_lam_interfaces/include/ros2_lam_interfaces/ros2_lam_interfaces/srv
[13.060s] -- Up-to-date: /home/antonino/lidar_area_monitor/ros2_lam_interfaces/install/ros2_lam_interfaces/include/ros2_lam_interfaces/ros2_lam_interfaces/srv/detail
[13.060s] -- Installing: /home/antonino/lidar_area_monitor/ros2_lam_interfaces/install/ros2_lam_interfaces/include/ros2_lam_interfaces/ros2_lam_interfaces/srv/detail/set_exclusion_area__rosidl_typesupport_introspection_c.h
[13.060s] -- Installing: /home/antonino/lidar_area_monitor/ros2_lam_interfaces/install/ros2_lam_interfaces/include/ros2_lam_interfaces/ros2_lam_interfaces/srv/detail/set_exclusion_area__type_support.c
[13.061s] -- Up-to-date: /home/antonino/lidar_area_monitor/ros2_lam_interfaces/install/ros2_lam_interfaces/include/ros2_lam_interfaces/ros2_lam_interfaces/msg
[13.061s] -- Installing: /home/antonino/lidar_area_monitor/ros2_lam_interfaces/install/ros2_lam_interfaces/include/ros2_lam_interfaces/ros2_lam_interfaces/msg/rosidl_typesupport_introspection_c__visibility_control.h
[13.061s] -- Installing: /home/antonino/lidar_area_monitor/ros2_lam_interfaces/install/ros2_lam_interfaces/lib/libros2_lam_interfaces__rosidl_typesupport_introspection_c.so
[13.062s] -- Set non-toolchain portion of runtime path of "/home/antonino/lidar_area_monitor/ros2_lam_interfaces/install/ros2_lam_interfaces/lib/libros2_lam_interfaces__rosidl_typesupport_introspection_c.so" to ""
[13.062s] -- Installing: /home/antonino/lidar_area_monitor/ros2_lam_interfaces/install/ros2_lam_interfaces/lib/libros2_lam_interfaces__rosidl_typesupport_c.so
[13.062s] -- Set non-toolchain portion of runtime path of "/home/antonino/lidar_area_monitor/ros2_lam_interfaces/install/ros2_lam_interfaces/lib/libros2_lam_interfaces__rosidl_typesupport_c.so" to ""
[13.063s] -- Up-to-date: /home/antonino/lidar_area_monitor/ros2_lam_interfaces/install/ros2_lam_interfaces/include/ros2_lam_interfaces/ros2_lam_interfaces
[13.063s] -- Up-to-date: /home/antonino/lidar_area_monitor/ros2_lam_interfaces/install/ros2_lam_interfaces/include/ros2_lam_interfaces/ros2_lam_interfaces/srv
[13.063s] -- Up-to-date: /home/antonino/lidar_area_monitor/ros2_lam_interfaces/install/ros2_lam_interfaces/include/ros2_lam_interfaces/ros2_lam_interfaces/srv/detail
[13.063s] -- Installing: /home/antonino/lidar_area_monitor/ros2_lam_interfaces/install/ros2_lam_interfaces/include/ros2_lam_interfaces/ros2_lam_interfaces/srv/detail/set_exclusion_area__type_support.cpp
[13.063s] -- Installing: /home/antonino/lidar_area_monitor/ros2_lam_interfaces/install/ros2_lam_interfaces/include/ros2_lam_interfaces/ros2_lam_interfaces/srv/detail/set_exclusion_area__rosidl_typesupport_introspection_cpp.hpp
[13.064s] -- Installing: /home/antonino/lidar_area_monitor/ros2_lam_interfaces/install/ros2_lam_interfaces/lib/libros2_lam_interfaces__rosidl_typesupport_introspection_cpp.so
[13.064s] -- Set non-toolchain portion of runtime path of "/home/antonino/lidar_area_monitor/ros2_lam_interfaces/install/ros2_lam_interfaces/lib/libros2_lam_interfaces__rosidl_typesupport_introspection_cpp.so" to ""
[13.065s] -- Installing: /home/antonino/lidar_area_monitor/ros2_lam_interfaces/install/ros2_lam_interfaces/lib/libros2_lam_interfaces__rosidl_typesupport_cpp.so
[13.065s] -- Set non-toolchain portion of runtime path of "/home/antonino/lidar_area_monitor/ros2_lam_interfaces/install/ros2_lam_interfaces/lib/libros2_lam_interfaces__rosidl_typesupport_cpp.so" to ""
[13.066s] -- Installing: /home/antonino/lidar_area_monitor/ros2_lam_interfaces/install/ros2_lam_interfaces/share/ros2_lam_interfaces/environment/pythonpath.sh
[13.066s] -- Installing: /home/antonino/lidar_area_monitor/ros2_lam_interfaces/install/ros2_lam_interfaces/share/ros2_lam_interfaces/environment/pythonpath.dsv
[13.066s] -- Installing: /home/antonino/lidar_area_monitor/ros2_lam_interfaces/install/ros2_lam_interfaces/lib/python3.12/site-packages/ros2_lam_interfaces-0.0.1-py3.12.egg-info
[13.066s] -- Installing: /home/antonino/lidar_area_monitor/ros2_lam_interfaces/install/ros2_lam_interfaces/lib/python3.12/site-packages/ros2_lam_interfaces-0.0.1-py3.12.egg-info/dependency_links.txt
[13.066s] -- Installing: /home/antonino/lidar_area_monitor/ros2_lam_interfaces/install/ros2_lam_interfaces/lib/python3.12/site-packages/ros2_lam_interfaces-0.0.1-py3.12.egg-info/top_level.txt
[13.066s] -- Installing: /home/antonino/lidar_area_monitor/ros2_lam_interfaces/install/ros2_lam_interfaces/lib/python3.12/site-packages/ros2_lam_interfaces-0.0.1-py3.12.egg-info/SOURCES.txt
[13.067s] -- Installing: /home/antonino/lidar_area_monitor/ros2_lam_interfaces/install/ros2_lam_interfaces/lib/python3.12/site-packages/ros2_lam_interfaces-0.0.1-py3.12.egg-info/PKG-INFO
[13.067s] -- Installing: /home/antonino/lidar_area_monitor/ros2_lam_interfaces/install/ros2_lam_interfaces/lib/python3.12/site-packages/ros2_lam_interfaces
[13.067s] -- Installing: /home/antonino/lidar_area_monitor/ros2_lam_interfaces/install/ros2_lam_interfaces/lib/python3.12/site-packages/ros2_lam_interfaces/srv
[13.067s] -- Installing: /home/antonino/lidar_area_monitor/ros2_lam_interfaces/install/ros2_lam_interfaces/lib/python3.12/site-packages/ros2_lam_interfaces/srv/_set_exclusion_area_s.c
[13.067s] -- Installing: /home/antonino/lidar_area_monitor/ros2_lam_interfaces/install/ros2_lam_interfaces/lib/python3.12/site-packages/ros2_lam_interfaces/srv/_set_exclusion_area.py
[13.067s] -- Installing: /home/antonino/lidar_area_monitor/ros2_lam_interfaces/install/ros2_lam_interfaces/lib/python3.12/site-packages/ros2_lam_interfaces/srv/__init__.py
[13.067s] -- Installing: /home/antonino/lidar_area_monitor/ros2_lam_interfaces/install/ros2_lam_interfaces/lib/python3.12/site-packages/ros2_lam_interfaces/ros2_lam_interfaces_s__rosidl_typesupport_fastrtps_c.so
[13.067s] -- Installing: /home/antonino/lidar_area_monitor/ros2_lam_interfaces/install/ros2_lam_interfaces/lib/python3.12/site-packages/ros2_lam_interfaces/_ros2_lam_interfaces_s.ep.rosidl_typesupport_c.c
[13.067s] -- Installing: /home/antonino/lidar_area_monitor/ros2_lam_interfaces/install/ros2_lam_interfaces/lib/python3.12/site-packages/ros2_lam_interfaces/__init__.py
[13.067s] -- Installing: /home/antonino/lidar_area_monitor/ros2_lam_interfaces/install/ros2_lam_interfaces/lib/python3.12/site-packages/ros2_lam_interfaces/ros2_lam_interfaces_s__rosidl_typesupport_c.so
[13.067s] -- Installing: /home/antonino/lidar_area_monitor/ros2_lam_interfaces/install/ros2_lam_interfaces/lib/python3.12/site-packages/ros2_lam_interfaces/_ros2_lam_interfaces_s.ep.rosidl_typesupport_fastrtps_c.c
[13.068s] -- Installing: /home/antonino/lidar_area_monitor/ros2_lam_interfaces/install/ros2_lam_interfaces/lib/python3.12/site-packages/ros2_lam_interfaces/ros2_lam_interfaces_s__rosidl_typesupport_introspection_c.so
[13.068s] -- Installing: /home/antonino/lidar_area_monitor/ros2_lam_interfaces/install/ros2_lam_interfaces/lib/python3.12/site-packages/ros2_lam_interfaces/_ros2_lam_interfaces_s.ep.rosidl_typesupport_introspection_c.c
[13.182s] Listing '/home/antonino/lidar_area_monitor/ros2_lam_interfaces/install/ros2_lam_interfaces/lib/python3.12/site-packages/ros2_lam_interfaces'...
[13.183s] Compiling '/home/antonino/lidar_area_monitor/ros2_lam_interfaces/install/ros2_lam_interfaces/lib/python3.12/site-packages/ros2_lam_interfaces/__init__.py'...
[13.183s] Listing '/home/antonino/lidar_area_monitor/ros2_lam_interfaces/install/ros2_lam_interfaces/lib/python3.12/site-packages/ros2_lam_interfaces/srv'...
[13.183s] Compiling '/home/antonino/lidar_area_monitor/ros2_lam_interfaces/install/ros2_lam_interfaces/lib/python3.12/site-packages/ros2_lam_interfaces/srv/__init__.py'...
[13.183s] Compiling '/home/antonino/lidar_area_monitor/ros2_lam_interfaces/install/ros2_lam_interfaces/lib/python3.12/site-packages/ros2_lam_interfaces/srv/_set_exclusion_area.py'...
[13.204s] -- Installing: /home/antonino/lidar_area_monitor/ros2_lam_interfaces/install/ros2_lam_interfaces/lib/python3.12/site-packages/ros2_lam_interfaces/ros2_lam_interfaces_s__rosidl_typesupport_fastrtps_c.so
[13.204s] -- Set non-toolchain portion of runtime path of "/home/antonino/lidar_area_monitor/ros2_lam_interfaces/install/ros2_lam_interfaces/lib/python3.12/site-packages/ros2_lam_interfaces/ros2_lam_interfaces_s__rosidl_typesupport_fastrtps_c.so" to ""
[13.205s] -- Installing: /home/antonino/lidar_area_monitor/ros2_lam_interfaces/install/ros2_lam_interfaces/lib/python3.12/site-packages/ros2_lam_interfaces/ros2_lam_interfaces_s__rosidl_typesupport_introspection_c.so
[13.206s] -- Set non-toolchain portion of runtime path of "/home/antonino/lidar_area_monitor/ros2_lam_interfaces/install/ros2_lam_interfaces/lib/python3.12/site-packages/ros2_lam_interfaces/ros2_lam_interfaces_s__rosidl_typesupport_introspection_c.so" to ""
[13.206s] -- Installing: /home/antonino/lidar_area_monitor/ros2_lam_interfaces/install/ros2_lam_interfaces/lib/python3.12/site-packages/ros2_lam_interfaces/ros2_lam_interfaces_s__rosidl_typesupport_c.so
[13.207s] -- Set non-toolchain portion of runtime path of "/home/antonino/lidar_area_monitor/ros2_lam_interfaces/install/ros2_lam_interfaces/lib/python3.12/site-packages/ros2_lam_interfaces/ros2_lam_interfaces_s__rosidl_typesupport_c.so" to ""
[13.208s] -- Installing: /home/antonino/lidar_area_monitor/ros2_lam_interfaces/install/ros2_lam_interfaces/lib/libros2_lam_interfaces__rosidl_generator_py.so
[13.209s] -- Set non-toolchain portion of runtime path of "/home/antonino/lidar_area_monitor/ros2_lam_interfaces/install/ros2_lam_interfaces/lib/libros2_lam_interfaces__rosidl_generator_py.so" to ""
[13.209s] -- Installing: /home/antonino/lidar_area_monitor/ros2_lam_interfaces/install/ros2_lam_interfaces/share/ros2_lam_interfaces/srv/SetExclusionArea.idl
[13.209s] -- Installing: /home/antonino/lidar_area_monitor/ros2_lam_interfaces/install/ros2_lam_interfaces/share/ros2_lam_interfaces/srv/SetExclusionArea.srv
[13.210s] -- Up-to-date: /home/antonino/lidar_area_monitor/ros2_lam_interfaces/install/ros2_lam_interfaces/share/ros2_lam_interfaces/srv
[13.210s] -- Up-to-date: /home/antonino/lidar_area_monitor/ros2_lam_interfaces/install/ros2_lam_interfaces/share/ros2_lam_interfaces/srv/SetExclusionArea.srv
[13.211s] -- Installing: /home/antonino/lidar_area_monitor/ros2_lam_interfaces/install/ros2_lam_interfaces/share/ament_index/resource_index/package_run_dependencies/ros2_lam_interfaces
[13.211s] -- Installing: /home/antonino/lidar_area_monitor/ros2_lam_interfaces/install/ros2_lam_interfaces/share/ament_index/resource_index/parent_prefix_path/ros2_lam_interfaces
[13.212s] -- Installing: /home/antonino/lidar_area_monitor/ros2_lam_interfaces/install/ros2_lam_interfaces/share/ros2_lam_interfaces/environment/ament_prefix_path.sh
[13.212s] -- Installing: /home/antonino/lidar_area_monitor/ros2_lam_interfaces/install/ros2_lam_interfaces/share/ros2_lam_interfaces/environment/ament_prefix_path.dsv
[13.212s] -- Installing: /home/antonino/lidar_area_monitor/ros2_lam_interfaces/install/ros2_lam_interfaces/share/ros2_lam_interfaces/environment/path.sh
[13.213s] -- Installing: /home/antonino/lidar_area_monitor/ros2_lam_interfaces/install/ros2_lam_interfaces/share/ros2_lam_interfaces/environment/path.dsv
[13.213s] -- Installing: /home/antonino/lidar_area_monitor/ros2_lam_interfaces/install/ros2_lam_interfaces/share/ros2_lam_interfaces/local_setup.bash
[13.213s] -- Installing: /home/antonino/lidar_area_monitor/ros2_lam_interfaces/install/ros2_lam_interfaces/share/ros2_lam_interfaces/local_setup.sh
[13.213s] -- Installing: /home/antonino/lidar_area_monitor/ros2_lam_interfaces/install/ros2_lam_interfaces/share/ros2_lam_interfaces/local_setup.zsh
[13.214s] -- Installing: /home/antonino/lidar_area_monitor/ros2_lam_interfaces/install/ros2_lam_interfaces/share/ros2_lam_interfaces/local_setup.dsv
[13.214s] -- Installing: /home/antonino/lidar_area_monitor/ros2_lam_interfaces/install/ros2_lam_interfaces/share/ros2_lam_interfaces/package.dsv
[13.215s] -- Installing: /home/antonino/lidar_area_monitor/ros2_lam_interfaces/install/ros2_lam_interfaces/share/ament_index/resource_index/packages/ros2_lam_interfaces
[13.216s] -- Installing: /home/antonino/lidar_area_monitor/ros2_lam_interfaces/install/ros2_lam_interfaces/share/ros2_lam_interfaces/cmake/export_ros2_lam_interfaces__rosidl_generator_cExport.cmake
[13.216s] -- Installing: /home/antonino/lidar_area_monitor/ros2_lam_interfaces/install/ros2_lam_interfaces/share/ros2_lam_interfaces/cmake/export_ros2_lam_interfaces__rosidl_generator_cExport-noconfig.cmake
[13.216s] -- Installing: /home/antonino/lidar_area_monitor/ros2_lam_interfaces/install/ros2_lam_interfaces/share/ros2_lam_interfaces/cmake/export_ros2_lam_interfaces__rosidl_typesupport_fastrtps_cExport.cmake
[13.217s] -- Installing: /home/antonino/lidar_area_monitor/ros2_lam_interfaces/install/ros2_lam_interfaces/share/ros2_lam_interfaces/cmake/export_ros2_lam_interfaces__rosidl_typesupport_fastrtps_cExport-noconfig.cmake
[13.217s] -- Installing: /home/antonino/lidar_area_monitor/ros2_lam_interfaces/install/ros2_lam_interfaces/share/ros2_lam_interfaces/cmake/export_ros2_lam_interfaces__rosidl_generator_cppExport.cmake
[13.219s] -- Installing: /home/antonino/lidar_area_monitor/ros2_lam_interfaces/install/ros2_lam_interfaces/share/ros2_lam_interfaces/cmake/export_ros2_lam_interfaces__rosidl_typesupport_fastrtps_cppExport.cmake
[13.219s] -- Installing: /home/antonino/lidar_area_monitor/ros2_lam_interfaces/install/ros2_lam_interfaces/share/ros2_lam_interfaces/cmake/export_ros2_lam_interfaces__rosidl_typesupport_fastrtps_cppExport-noconfig.cmake
[13.223s] -- Installing: /home/antonino/lidar_area_monitor/ros2_lam_interfaces/install/ros2_lam_interfaces/share/ros2_lam_interfaces/cmake/ros2_lam_interfaces__rosidl_typesupport_introspection_cExport.cmake
[13.223s] -- Installing: /home/antonino/lidar_area_monitor/ros2_lam_interfaces/install/ros2_lam_interfaces/share/ros2_lam_interfaces/cmake/ros2_lam_interfaces__rosidl_typesupport_introspection_cExport-noconfig.cmake
[13.224s] -- Installing: /home/antonino/lidar_area_monitor/ros2_lam_interfaces/install/ros2_lam_interfaces/share/ros2_lam_interfaces/cmake/ros2_lam_interfaces__rosidl_typesupport_cExport.cmake
[13.224s] -- Installing: /home/antonino/lidar_area_monitor/ros2_lam_interfaces/install/ros2_lam_interfaces/share/ros2_lam_interfaces/cmake/ros2_lam_interfaces__rosidl_typesupport_cExport-noconfig.cmake
[13.224s] -- Installing: /home/antonino/lidar_area_monitor/ros2_lam_interfaces/install/ros2_lam_interfaces/share/ros2_lam_interfaces/cmake/ros2_lam_interfaces__rosidl_typesupport_introspection_cppExport.cmake
[13.224s] -- Installing: /home/antonino/lidar_area_monitor/ros2_lam_interfaces/install/ros2_lam_interfaces/share/ros2_lam_interfaces/cmake/ros2_lam_interfaces__rosidl_typesupport_introspection_cppExport-noconfig.cmake
[13.225s] -- Installing: /home/antonino/lidar_area_monitor/ros2_lam_interfaces/install/ros2_lam_interfaces/share/ros2_lam_interfaces/cmake/ros2_lam_interfaces__rosidl_typesupport_cppExport.cmake
[13.226s] -- Installing: /home/antonino/lidar_area_monitor/ros2_lam_interfaces/install/ros2_lam_interfaces/share/ros2_lam_interfaces/cmake/ros2_lam_interfaces__rosidl_typesupport_cppExport-noconfig.cmake
[13.226s] -- Installing: /home/antonino/lidar_area_monitor/ros2_lam_interfaces/install/ros2_lam_interfaces/share/ros2_lam_interfaces/cmake/export_ros2_lam_interfaces__rosidl_generator_pyExport.cmake
[13.226s] -- Installing: /home/antonino/lidar_area_monitor/ros2_lam_interfaces/install/ros2_lam_interfaces/share/ros2_lam_interfaces/cmake/export_ros2_lam_interfaces__rosidl_generator_pyExport-noconfig.cmake
[13.227s] -- Installing: /home/antonino/lidar_area_monitor/ros2_lam_interfaces/install/ros2_lam_interfaces/share/ros2_lam_interfaces/cmake/rosidl_cmake-extras.cmake
[13.227s] -- Installing: /home/antonino/lidar_area_monitor/ros2_lam_interfaces/install/ros2_lam_interfaces/share/ros2_lam_interfaces/cmake/ament_cmake_export_dependencies-extras.cmake
[13.227s] -- Installing: /home/antonino/lidar_area_monitor/ros2_lam_interfaces/install/ros2_lam_interfaces/share/ros2_lam_interfaces/cmake/ament_cmake_export_include_directories-extras.cmake
[13.227s] -- Installing: /home/antonino/lidar_area_monitor/ros2_lam_interfaces/install/ros2_lam_interfaces/share/ros2_lam_interfaces/cmake/ament_cmake_export_libraries-extras.cmake
[13.227s] -- Installing: /home/antonino/lidar_area_monitor/ros2_lam_interfaces/install/ros2_lam_interfaces/share/ros2_lam_interfaces/cmake/ament_cmake_export_targets-extras.cmake
[13.227s] -- Installing: /home/antonino/lidar_area_monitor/ros2_lam_interfaces/install/ros2_lam_interfaces/share/ros2_lam_interfaces/cmake/rosidl_cmake_export_typesupport_targets-extras.cmake
[13.227s] -- Installing: /home/antonino/lidar_area_monitor/ros2_lam_interfaces/install/ros2_lam_interfaces/share/ros2_lam_interfaces/cmake/rosidl_cmake_export_typesupport_libraries-extras.cmake
[13.227s] -- Installing: /home/antonino/lidar_area_monitor/ros2_lam_interfaces/install/ros2_lam_interfaces/share/ros2_lam_interfaces/cmake/ros2_lam_interfacesConfig.cmake
[13.228s] -- Installing: /home/antonino/lidar_area_monitor/ros2_lam_interfaces/install/ros2_lam_interfaces/share/ros2_lam_interfaces/cmake/ros2_lam_interfacesConfig-version.cmake
[13.228s] -- Installing: /home/antonino/lidar_area_monitor/ros2_lam_interfaces/install/ros2_lam_interfaces/share/ros2_lam_interfaces/package.xml
[13.233s] Invoked command in '/home/antonino/lidar_area_monitor/ros2_lam_interfaces/build/ros2_lam_interfaces' returned '0': CMAKE_PREFIX_PATH=${CMAKE_PREFIX_PATH}:/opt/ros/jazzy DEBUGINFOD_URLS=https://debuginfod.ubuntu.com /usr/bin/cmake --install /home/antonino/lidar_area_monitor/ros2_lam_interfaces/build/ros2_lam_interfaces
